#
# A fatal error has been detected by the Java Runtime Environment:
#
#  EXCEPTION_ACCESS_VIOLATION (0xc0000005) at pc=0x000002aed2a89417, pid=13612, tid=14428
#
# JRE version: Java(TM) SE Runtime Environment (17.0.7+8) (build 17.0.7+8-LTS-224)
# Java VM: Java HotSpot(TM) 64-Bit Server VM (17.0.7+8-LTS-224, mixed mode, emulated-client, sharing, tiered, compressed oops, compressed class ptrs, g1 gc, windows-amd64)
# Problematic frame:
# j  org.springframework.boot.autoconfigure.web.servlet.WelcomePageHandlerMapping.isHtmlTextAccepted(Ljakarta/servlet/http/HttpServletRequest;)Z+12
#
# No core dump will be written. Minidumps are not enabled by default on client versions of Windows
#
# If you would like to submit a bug report, please visit:
#   https://bugreport.java.com/bugreport/crash.jsp
#

---------------  S U M M A R Y ------------

Command Line: -XX:TieredStopAtLevel=1 -Dspring.output.ansi.enabled=always -Dcom.sun.management.jmxremote -Dspring.jmx.enabled=true -Dspring.liveBeansView.mbeanDomain -Dspring.application.admin.enabled=true -Dmanagement.endpoints.jmx.exposure.include=* -javaagent:C:\Program Files\JetBrains\IntelliJ IDEA 2023.1.2\lib\idea_rt.jar=3551:C:\Program Files\JetBrains\IntelliJ IDEA 2023.1.2\bin -Dfile.encoding=UTF-8 com.developer.foodfit.FoodfitApplication

Host: AMD Ryzen 7 1700 Eight-Core Processor          , 16 cores, 15G,  Windows 10 , 64 bit Build 19041 (10.0.19041.3570)
Time: Sun Oct 22 13:57:01 2023  Windows 10 , 64 bit Build 19041 (10.0.19041.3570) elapsed time: 85.319681 seconds (0d 0h 1m 25s)

---------------  T H R E A D  ---------------

Current thread (0x000002aee7b8cd10):  JavaThread "http-nio-8080-exec-10" daemon [_thread_in_Java, id=14428, stack(0x000000cb61f00000,0x000000cb62000000)]

Stack: [0x000000cb61f00000,0x000000cb62000000],  sp=0x000000cb61ffd380,  free space=1012k
Native frames: (J=compiled Java code, j=interpreted, Vv=VM code, C=native code)
C  0x000002aed2a89417


siginfo: EXCEPTION_ACCESS_VIOLATION (0xc0000005), reading address 0xffffffffffffffff


Register to memory mapping:

RIP=0x000002aed2a89417 is at code_begin+279 in an Interpreter codelet
invokeinterface  185 invokeinterface  [0x000002aed2a89300, 0x000002aed2a89780]  1152 bytes
RAX=0x0000000800004748 is a pointer to class: 
java.util.Iterator {0x0000000800004750}
 - instance size:     2
 - klass size:        63
 - access:            public interface abstract 
 - state:             fully_initialized
 - name:              'java/util/Iterator'
 - super:             'java/lang/Object'
 - sub:               
 - nof implementors:  2
 - arrays:            'java/util/Iterator'[]
 - methods:           Array<T>(0x0000000800b53a60)
 - method ordering:   Array<T>(0x0000000800b53a48)
 - default_methods:   Array<T>(0x0000000000000000)
 - local interfaces:  Array<T>(0x00000008005cff48)
 - trans. interfaces: Array<T>(0x00000008005cff48)
 - constants:         constant pool [53] {0x00000008009ceae0} for 'java/util/Iterator' cache=0x0000000800350650
 - class loader data:  loader data: 0x000002aee27e2450 of 'bootstrap'
 - source file:       'Iterator.java'
 - class annotations:       Array<T>(0x0000000000000000)
 - class type annotations:  Array<T>(0x0000000000000000)
 - field annotations:       Array<T>(0x0000000000000000)
 - field type annotations:  Array<T>(0x0000000000000000)
 - generic signature: '<E:Ljava/lang/Object;>Ljava/lang/Object;'
 - inner classes:     Array<T>(0x00000008005cfed8)
 - nest members:     Array<T>(0x00000008005cfed8)
 - permitted subclasses:     Array<T>(0x00000008005cfed8)
 - java mirror:       a 'java/lang/Class'{0x0000000703a76fd0} = 'java/util/Iterator'
 - vtable length      5  (start addr: 0x0000000800004910)
 - itable length      0 (start addr: 0x0000000800004938)
 - ---- static fields (0 words):
 - ---- non-static fields (0 words):
 - non-static oop maps: 
RBX=0x00000000000000b9 is an unknown value
RCX=0x000002aee94f2fd0 is pointing into metadata
RDX=0x000000000000003c is an unknown value
RSP=0x000000cb61ffd380 is pointing into the stack for thread: 0x000002aee7b8cd10
RBP=0x000000cb61ffd3d0 is pointing into the stack for thread: 0x000002aee7b8cd10
RSI=0x0000000000000001 is an unknown value
RDI=0x000000070d5ac6e8 points into unknown readable memory: 0x0000000000000000 | 00 00 00 00 00 00 00 00
R8 =0x000000070d5ac698 is an oop: org.springframework.http.MediaType 
{0x000000070d5ac698} - klass: 'org/springframework/http/MediaType'
 - ---- fields (total size 4 words):
 - private final 'type' 'Ljava/lang/String;' @12  "*"{0x0000000702f78590} (e05ef0b2)
 - private final 'subtype' 'Ljava/lang/String;' @16  "*"{0x0000000702f785c0} (e05ef0b8)
 - private final 'parameters' 'Ljava/util/Map;' @20  a 'java/util/Collections$EmptyMap'{0x00000007010deba8} (e021bd75)
 - private transient 'resolvedCharset' 'Ljava/nio/charset/Charset;' @24  NULL (0)
 - private volatile 'toStringValue' 'Ljava/lang/String;' @28  NULL (0)
R9 =0x0000000000000003 is an unknown value
R10=0x00007ffd9333c370 jvm.dll
R11=0x000002aed2d8dac0 is at entry_point+32 in (nmethod*)0x000002aed2d8d910
R12=0x0 is NULL
R13=0x000002aee630b6dc is pointing into metadata
R14=0x000000cb61ffd3f8 is pointing into the stack for thread: 0x000002aee7b8cd10
R15=0x000002aee7b8cd10 is a thread


Registers:
RAX=0x0000000800004748, RBX=0x00000000000000b9, RCX=0x000002aee94f2fd0, RDX=0x000000000000003c
RSP=0x000000cb61ffd380, RBP=0x000000cb61ffd3d0, RSI=0x0000000000000001, RDI=0x000000070d5ac6e8
R8 =0x000000070d5ac698, R9 =0x0000000000000003, R10=0x00007ffd9333c370, R11=0x000002aed2d8dac0
R12=0x0000000000000000, R13=0x000002aee630b6dc, R14=0x000000cb61ffd3f8, R15=0x000002aee7b8cd10
RIP=0x000002aed2a89417, EFLAGS=0x0000000000010246

Top of Stack: (sp=0x000000cb61ffd380)
0x000000cb61ffd380:   000000070d5ac6c8 000000cb61ffd388
0x000000cb61ffd390:   000002aee630b6dc 000000cb61ffd3f8
0x000000cb61ffd3a0:   000002aee94f2fd0 0000000000000000
0x000000cb61ffd3b0:   0000000701f8f2f8 000002aee630b738
0x000000cb61ffd3c0:   0000000000000000 000000cb61ffd3f0
0x000000cb61ffd3d0:   000000cb61ffd448 000002aed2a794ea
0x000000cb61ffd3e0:   0000000000000000 000000070d5ac6c8
0x000000cb61ffd3f0:   000000070d5a50e0 0000000702d93ef0
0x000000cb61ffd400:   000000cb61ffd400 000002aee630b5fa
0x000000cb61ffd410:   000000cb61ffd460 000002aee94f2fd0
0x000000cb61ffd420:   0000000000000000 0000000701f8f2f8
0x000000cb61ffd430:   000002aee630b638 000000cb61ffd3f0
0x000000cb61ffd440:   000000cb61ffd470 000000cb61ffd5b0
0x000000cb61ffd450:   000002aed2cb3dd4 000000070d5a50e0
0x000000cb61ffd460:   0000000702d93ef0 000002aed2cb3dd4
0x000000cb61ffd470:   0000000000000000 00000007036b7728 

Instructions: (pc=0x000002aed2a89417)
0x000002aed2a89317:   e9 17 00 00 00 48 83 ec 10 48 89 04 24 48 c7 44
0x000002aed2a89327:   24 08 00 00 00 00 e9 01 00 00 00 50 4c 89 6d c0
0x000002aed2a89337:   41 0f b7 55 01 48 8b 4d d0 c1 e2 02 8b 5c d1 20
0x000002aed2a89347:   c1 eb 10 81 e3 ff 00 00 00 81 fb b9 00 00 00 0f
0x000002aed2a89357:   84 b6 00 00 00 bb b9 00 00 00 e8 05 00 00 00 e9
0x000002aed2a89367:   9b 00 00 00 48 8b d3 48 8d 44 24 08 4c 89 6d c0
0x000002aed2a89377:   49 8b cf c5 f8 77 49 89 af 98 02 00 00 49 89 87
0x000002aed2a89387:   88 02 00 00 48 83 ec 20 f7 c4 0f 00 00 00 0f 84
0x000002aed2a89397:   1a 00 00 00 48 83 ec 08 49 ba f0 03 b9 92 fd 7f
0x000002aed2a893a7:   00 00 41 ff d2 48 83 c4 08 e9 0d 00 00 00 49 ba
0x000002aed2a893b7:   f0 03 b9 92 fd 7f 00 00 41 ff d2 48 83 c4 20 49
0x000002aed2a893c7:   c7 87 88 02 00 00 00 00 00 00 49 c7 87 98 02 00
0x000002aed2a893d7:   00 00 00 00 00 49 c7 87 90 02 00 00 00 00 00 00
0x000002aed2a893e7:   c5 f8 77 49 81 7f 08 00 00 00 00 0f 84 05 00 00
0x000002aed2a893f7:   00 e9 03 7b fe ff 4c 8b 6d c0 4c 8b 75 c8 c3 41
0x000002aed2a89407:   0f b7 55 01 48 8b 4d d0 c1 e2 02 48 8b 44 d1 28
0x000002aed2a89417:   48 8b 5c d1 30 8b 54 d1 38 8b ca 81 e1 ff 00 00
0x000002aed2a89427:   00 48 8b 4c cc f8 44 8b ea c1 ea 1c 49 ba d0 82
0x000002aed2a89437:   33 93 fd 7f 00 00 49 8b 14 d2 52 41 8b d5 4c 8b
0x000002aed2a89447:   6d c0 44 8b f2 41 81 e6 00 00 80 00 0f 84 41 00
0x000002aed2a89457:   00 00 8b c2 81 e0 00 00 10 00 0f 84 0f 00 00 00
0x000002aed2a89467:   48 3b 01 4c 8d 6c 24 08 4c 89 6d f0 ff 63 50 8b
0x000002aed2a89477:   41 08 49 ba 00 00 00 00 08 00 00 00 49 03 c2 48
0x000002aed2a89487:   8b 9c d8 c8 01 00 00 4c 8d 6c 24 08 4c 89 6d f0
0x000002aed2a89497:   ff 63 50 44 8b f2 41 81 e6 00 00 10 00 0f 84 65
0x000002aed2a894a7:   00 00 00 44 8b 71 08 49 ba 00 00 00 00 08 00 00
0x000002aed2a894b7:   00 4d 03 f2 4c 3b f0 0f 84 3f 00 00 00 44 8b 68
0x000002aed2a894c7:   14 4b 3b 04 2e 0f 84 31 00 00 00 41 83 fd 20 0f
0x000002aed2a894d7:   85 1f 00 00 00 51 57 49 8b 7e 28 8b 0f 48 83 c7
0x000002aed2a894e7:   08 48 85 c0 f2 48 af 5f 59 75 09 49 89 46 20 e9
0x000002aed2a894f7:   08 00 00 00 49 8b d6 e9 9f 01 00 00 4c 8d 6c 24
0x000002aed2a89507:   08 4c 89 6d f0 ff 63 50 4c 8b 75 c8 8b 51 08 49 


Stack slot to memory mapping:
stack at sp + 0 slots: 0x000000070d5ac6c8 is an oop: java.util.ArrayList$Itr 
{0x000000070d5ac6c8} - klass: 'java/util/ArrayList$Itr'
 - ---- fields (total size 4 words):
 - 'cursor' 'I' @12  0
 - 'lastRet' 'I' @16  -1 (ffffffff)
 - 'expectedModCount' 'I' @20  1
 - final synthetic 'this$0' 'Ljava/util/ArrayList;' @24  a 'java/util/ArrayList'{0x000000070d5ac648} (e1ab58c9)
stack at sp + 1 slots: 0x000000cb61ffd388 is pointing into the stack for thread: 0x000002aee7b8cd10
stack at sp + 2 slots: 0x000002aee630b6dc is pointing into metadata
stack at sp + 3 slots: 0x000000cb61ffd3f8 is pointing into the stack for thread: 0x000002aee7b8cd10
stack at sp + 4 slots: 0x000002aee94f2fd0 is pointing into metadata
stack at sp + 5 slots: 0x0 is NULL
stack at sp + 6 slots: 0x0000000701f8f2f8 is an oop: java.lang.Class 
{0x0000000701f8f2f8} - klass: 'java/lang/Class'
 - ---- fields (total size 15 words):
 - private volatile transient 'classRedefinedCount' 'I' @12  0
 - private volatile transient 'cachedConstructor' 'Ljava/lang/reflect/Constructor;' @40  NULL (0)
 - private transient 'name' 'Ljava/lang/String;' @44  "org.springframework.boot.autoconfigure.web.servlet.WelcomePageHandlerMapping"{0x0000000701f8f370} (e03f1e6e)
 - private transient 'module' 'Ljava/lang/Module;' @48  a 'java/lang/Module'{0x00000007010d0248} (e021a049)
 - private final 'classLoader' 'Ljava/lang/ClassLoader;' @52  a 'jdk/internal/loader/ClassLoaders$AppClassLoader'{0x00000007010de250} (e021bc4a)
 - private transient 'classData' 'Ljava/lang/Object;' @56  NULL (0)
 - private transient 'packageName' 'Ljava/lang/String;' @60  "org.springframework.boot.autoconfigure.web.servlet"{0x0000000701bea460} (e037d48c)
 - private final 'componentType' 'Ljava/lang/Class;' @64  NULL (0)
 - private volatile transient 'reflectionData' 'Ljava/lang/ref/SoftReference;' @68  a 'java/lang/ref/SoftReference'{0x0000000701f8f3f8} (e03f1e7f)
 - private volatile transient 'genericInfo' 'Lsun/reflect/generics/repository/ClassRepository;' @72  NULL (0)
 - private volatile transient 'enumConstants' '[Ljava/lang/Object;' @76  NULL (0)
 - private volatile transient 'enumConstantDirectory' 'Ljava/util/Map;' @80  NULL (0)
 - private volatile transient 'annotationData' 'Ljava/lang/Class$AnnotationData;' @84  a 'java/lang/Class$AnnotationData'{0x0000000701f8f470} (e03f1e8e)
 - private volatile transient 'annotationType' 'Lsun/reflect/annotation/AnnotationType;' @88  NULL (0)
 - transient 'classValueMap' 'Ljava/lang/ClassValue$ClassValueMap;' @92  NULL (0)
 - signature: Lorg/springframework/boot/autoconfigure/web/servlet/WelcomePageHandlerMapping;
 - fake entry for mirror: 'org/springframework/boot/autoconfigure/web/servlet/WelcomePageHandlerMapping'
 - fake entry for array: NULL
 - fake entry for oop_size: 15
 - fake entry for static_oop_field_count: 2
 - private static final 'logger' 'Lorg/apache/commons/logging/Log;' @112  a 'org/apache/commons/logging/LogAdapter$Slf4jLocationAwareLog'{0x0000000702dd6720} (e05bace4)
 - private static final 'MEDIA_TYPES_ALL' 'Ljava/util/List;' @116  a 'java/util/Collections$SingletonList'{0x0000000702dd6708} (e05bace1)
stack at sp + 7 slots: {method} {0x000002aee630b740} 'isHtmlTextAccepted' '(Ljakarta/servlet/http/HttpServletRequest;)Z' in 'org/springframework/boot/autoconfigure/web/servlet/WelcomePageHandlerMapping'

invokeinterface  185 invokeinterface  [0x000002aed2a89300, 0x000002aed2a89780]  1152 bytes
[MachCode]
  0x000002aed2a89300: 4883 ec08 | c5fa 1104 | 24e9 2500 | 0000 4883 | ec10 c5fb | 1104 24e9 | 1700 0000 | 4883 ec10 
  0x000002aed2a89320: 4889 0424 | 48c7 4424 | 0800 0000 | 00e9 0100 | 0000 504c | 896d c041 | 0fb7 5501 | 488b 4dd0 
  0x000002aed2a89340: c1e2 028b | 5cd1 20c1 | eb10 81e3 | ff00 0000 | 81fb b900 | 0000 0f84 | b600 0000 | bbb9 0000 
  0x000002aed2a89360: 00e8 0500 | 0000 e99b | 0000 0048 | 8bd3 488d | 4424 084c | 896d c049 | 8bcf c5f8 | 7749 89af 
  0x000002aed2a89380: 9802 0000 | 4989 8788 | 0200 0048 | 83ec 20f7 | c40f 0000 | 000f 841a | 0000 0048 | 83ec 0849 
  0x000002aed2a893a0: baf0 03b9 | 92fd 7f00 | 0041 ffd2 | 4883 c408 | e90d 0000 | 0049 baf0 | 03b9 92fd | 7f00 0041 
  0x000002aed2a893c0: ffd2 4883 | c420 49c7 | 8788 0200 | 0000 0000 | 0049 c787 | 9802 0000 | 0000 0000 | 49c7 8790 
  0x000002aed2a893e0: 0200 0000 | 0000 00c5 | f877 4981 | 7f08 0000 | 0000 0f84 | 0500 0000 | e903 7bfe | ff4c 8b6d 
  0x000002aed2a89400: c04c 8b75 | c8c3 410f | b755 0148 | 8b4d d0c1 | e202 488b | 44d1 2848 | 8b5c d130 | 8b54 d138 
  0x000002aed2a89420: 8bca 81e1 | ff00 0000 | 488b 4ccc | f844 8bea | c1ea 1c49 | bad0 8233 | 93fd 7f00 | 0049 8b14 
  0x000002aed2a89440: d252 418b | d54c 8b6d | c044 8bf2 | 4181 e600 | 0080 000f | 8441 0000 | 008b c281 | e000 0010 
  0x000002aed2a89460: 000f 840f | 0000 0048 | 3b01 4c8d | 6c24 084c | 896d f0ff | 6350 8b41 | 0849 ba00 | 0000 0008 
  0x000002aed2a89480: 0000 0049 | 03c2 488b | 9cd8 c801 | 0000 4c8d | 6c24 084c | 896d f0ff | 6350 448b | f241 81e6 
  0x000002aed2a894a0: 0000 1000 | 0f84 6500 | 0000 448b | 7108 49ba | 0000 0000 | 0800 0000 | 4d03 f24c | 3bf0 0f84 
  0x000002aed2a894c0: 3f00 0000 | 448b 6814 | 4b3b 042e | 0f84 3100 | 0000 4183 | fd20 0f85 | 1f00 0000 | 5157 498b 
  0x000002aed2a894e0: 7e28 8b0f | 4883 c708 | 4885 c0f2 | 48af 5f59 | 7509 4989 | 4620 e908 | 0000 0049 | 8bd6 e99f 
  0x000002aed2a89500: 0100 004c | 8d6c 2408 | 4c89 6df0 | ff63 504c | 8b75 c88b | 5108 49ba | 0000 0000 | 0800 0000 
  0x000002aed2a89520: 4903 d248 | 8bcb 448b | b2a0 0000 | 004e 8db4 | f2c8 0100 | 004d 8b2e | 493b c574 | 154d 85ed 
  0x000002aed2a89540: 0f84 5c01 | 0000 4983 | c610 4d8b | 2e49 3bc5 | 75eb 4c8b | 6dc0 488b | 4308 488b | 4008 488b 
  0x000002aed2a89560: 4018 8b5b | 2c83 ebf6 | f7db 4c8b | f245 8bae | a000 0000 | 4f8d acee | c801 0000 | 4d8d 34de 
  0x000002aed2a89580: 498b 5d00 | 483b c374 | 1648 85db | 0f84 1001 | 0000 4983 | c510 498b | 5d00 483b | c375 ea45 
  0x000002aed2a895a0: 8b6d 084b | 8b1c 2e48 | 85db 0f84 | 2800 0000 | 4c8d 6c24 | 084c 896d | f0ff 6350 | 48b9 70cf 
  0x000002aed2a895c0: 0d93 fd7f | 0000 4883 | e4f0 49ba | 40cb db92 | fd7f 0000 | 41ff d2f4 | 5b4c 8b6d | c04c 8b75 
  0x000002aed2a895e0: c84c 8bc1 | e805 0000 | 00e9 9800 | 0000 488d | 4424 084c | 896d c049 | 8bcf c5f8 | 7749 89af 
  0x000002aed2a89600: 9802 0000 | 4989 8788 | 0200 0048 | 83ec 20f7 | c40f 0000 | 000f 841a | 0000 0048 | 83ec 0849 
  0x000002aed2a89620: ba60 13b9 | 92fd 7f00 | 0041 ffd2 | 4883 c408 | e90d 0000 | 0049 ba60 | 13b9 92fd | 7f00 0041 
  0x000002aed2a89640: ffd2 4883 | c420 49c7 | 8788 0200 | 0000 0000 | 0049 c787 | 9802 0000 | 0000 0000 | 49c7 8790 
  0x000002aed2a89660: 0200 0000 | 0000 00c5 | f877 4981 | 7f08 0000 | 0000 0f84 | 0500 0000 | e983 78fe | ff4c 8b6d 
  0x000002aed2a89680: c04c 8b75 | c8c3 48b9 | 70cf 0d93 | fd7f 0000 | 4883 e4f0 | 49ba 40cb | db92 fd7f | 0000 41ff 
  0x000002aed2a896a0: d2f4 5b4c | 8b6d c04c | 8b75 c8e8 | 0500 0000 | e99b 0000 | 004c 8bc0 | 488d 4424 | 084c 896d 
  0x000002aed2a896c0: c049 8bcf | c5f8 7749 | 89af 9802 | 0000 4989 | 8788 0200 | 0048 83ec | 20f7 c40f | 0000 000f 
  0x000002aed2a896e0: 841a 0000 | 0048 83ec | 0849 ba80 | 19b9 92fd | 7f00 0041 | ffd2 4883 | c408 e90d | 0000 0049 
  0x000002aed2a89700: ba80 19b9 | 92fd 7f00 | 0041 ffd2 | 4883 c420 | 49c7 8788 | 0200 0000 | 0000 0049 | c787 9802 
  0x000002aed2a89720: 0000 0000 | 0000 49c7 | 8790 0200 | 0000 0000 | 00c5 f877 | 4981 7f08 | 0000 0000 | 0f84 0500 
  0x000002aed2a89740: 0000 e9b9 | 77fe ff4c | 8b6d c04c | 8b75 c8c3 | 48b9 70cf | 0d93 fd7f | 0000 4883 | e4f0 49ba 
  0x000002aed2a89760: 40cb db92 | fd7f 0000 | 41ff d2f4 | 0f1f 4000 | 0000 0000 | 0000 0000 | 0000 0000 | 0000 0000 
[/MachCode]

---------------  P R O C E S S  ---------------

Threads class SMR info:
_java_thread_list=0x000002aee9f0cc50, length=42, elements={
0x000002aee291bd40, 0x000002aee291c9b0, 0x000002aee34135e0, 0x000002aee34153a0,
0x000002aee3415d50, 0x000002aee341a710, 0x000002aee341d2f0, 0x000002aee3428e00,
0x000002aee29045b0, 0x000002aee3a6a1d0, 0x000002aee3a6f250, 0x000002aee3b8eb70,
0x000002aee4446d60, 0x000002aee4497c30, 0x000002aee463b790, 0x000002aee46395e0,
0x000002aee4639ab0, 0x000002aee463a450, 0x000002aee463adf0, 0x000002aee463b2c0,
0x000002aee4639f80, 0x000002aee463bc60, 0x000002aee46382a0, 0x000002aee4638c40,
0x000002aee4639110, 0x000002aee7b8fd30, 0x000002aee7b89cf0, 0x000002aee7b8a1c0,
0x000002aee7b8c840, 0x000002aee7b8cd10, 0x000002aee7b8d1e0, 0x000002aee7b8a690,
0x000002aee7b8bea0, 0x000002aee7b89350, 0x000002aee7b6d570, 0x000002aee7b8b500,
0x000002aee9e29030, 0x000002aee36efbb0, 0x000002aeea3eb7d0, 0x000002aee9e2db70,
0x000002aee9e2e080, 0x000002aee7b39c70
}

Java Threads: ( => current thread )
  0x000002aee291bd40 JavaThread "Reference Handler" daemon [_thread_blocked, id=11696, stack(0x000000cb5ec00000,0x000000cb5ed00000)]
  0x000002aee291c9b0 JavaThread "Finalizer" daemon [_thread_blocked, id=9440, stack(0x000000cb5ed00000,0x000000cb5ee00000)]
  0x000002aee34135e0 JavaThread "Signal Dispatcher" daemon [_thread_blocked, id=11908, stack(0x000000cb5ee00000,0x000000cb5ef00000)]
  0x000002aee34153a0 JavaThread "Attach Listener" daemon [_thread_blocked, id=11872, stack(0x000000cb5ef00000,0x000000cb5f000000)]
  0x000002aee3415d50 JavaThread "Service Thread" daemon [_thread_blocked, id=12620, stack(0x000000cb5f000000,0x000000cb5f100000)]
  0x000002aee341a710 JavaThread "Monitor Deflation Thread" daemon [_thread_blocked, id=11644, stack(0x000000cb5f100000,0x000000cb5f200000)]
  0x000002aee341d2f0 JavaThread "C1 CompilerThread0" daemon [_thread_blocked, id=3808, stack(0x000000cb5f200000,0x000000cb5f300000)]
  0x000002aee3428e00 JavaThread "Sweeper thread" daemon [_thread_blocked, id=10984, stack(0x000000cb5f300000,0x000000cb5f400000)]
  0x000002aee29045b0 JavaThread "Common-Cleaner" daemon [_thread_blocked, id=3424, stack(0x000000cb5f500000,0x000000cb5f600000)]
  0x000002aee3a6a1d0 JavaThread "Monitor Ctrl-Break" daemon [_thread_in_native, id=8152, stack(0x000000cb5f700000,0x000000cb5f800000)]
  0x000002aee3a6f250 JavaThread "Notification Thread" daemon [_thread_blocked, id=14360, stack(0x000000cb5f800000,0x000000cb5f900000)]
  0x000002aee3b8eb70 JavaThread "RMI TCP Accept-0" daemon [_thread_in_native, id=15340, stack(0x000000cb5f900000,0x000000cb5fa00000)]
  0x000002aee4446d60 JavaThread "RMI TCP Connection(idle)" daemon [_thread_blocked, id=13860, stack(0x000000cb60500000,0x000000cb60600000)]
  0x000002aee4497c30 JavaThread "RMI Scheduler(0)" daemon [_thread_blocked, id=7188, stack(0x000000cb60600000,0x000000cb60700000)]
  0x000002aee463b790 JavaThread "HikariPool-1 housekeeper" daemon [_thread_blocked, id=8076, stack(0x000000cb60700000,0x000000cb60800000)]
  0x000002aee46395e0 JavaThread "Catalina-utility-1" [_thread_blocked, id=15236, stack(0x000000cb61000000,0x000000cb61100000)]
  0x000002aee4639ab0 JavaThread "Catalina-utility-2" [_thread_blocked, id=5964, stack(0x000000cb61100000,0x000000cb61200000)]
  0x000002aee463a450 JavaThread "container-0" [_thread_blocked, id=11916, stack(0x000000cb61200000,0x000000cb61300000)]
  0x000002aee463adf0 JavaThread "File Watcher" daemon [_thread_blocked, id=948, stack(0x000000cb61400000,0x000000cb61500000)]
  0x000002aee463b2c0 JavaThread "Live Reload Server" daemon [_thread_in_native, id=6288, stack(0x000000cb61500000,0x000000cb61600000)]
  0x000002aee4639f80 JavaThread "http-nio-8080-exec-1" daemon [_thread_blocked, id=11136, stack(0x000000cb61600000,0x000000cb61700000)]
  0x000002aee463bc60 JavaThread "http-nio-8080-exec-2" daemon [_thread_blocked, id=6124, stack(0x000000cb61700000,0x000000cb61800000)]
  0x000002aee46382a0 JavaThread "http-nio-8080-exec-3" daemon [_thread_blocked, id=2452, stack(0x000000cb61800000,0x000000cb61900000)]
  0x000002aee4638c40 JavaThread "http-nio-8080-exec-4" daemon [_thread_blocked, id=1560, stack(0x000000cb61900000,0x000000cb61a00000)]
  0x000002aee4639110 JavaThread "http-nio-8080-exec-5" daemon [_thread_blocked, id=11536, stack(0x000000cb61a00000,0x000000cb61b00000)]
  0x000002aee7b8fd30 JavaThread "http-nio-8080-exec-6" daemon [_thread_blocked, id=9332, stack(0x000000cb61b00000,0x000000cb61c00000)]
  0x000002aee7b89cf0 JavaThread "http-nio-8080-exec-7" daemon [_thread_blocked, id=9192, stack(0x000000cb61c00000,0x000000cb61d00000)]
  0x000002aee7b8a1c0 JavaThread "http-nio-8080-exec-8" daemon [_thread_blocked, id=15092, stack(0x000000cb61d00000,0x000000cb61e00000)]
  0x000002aee7b8c840 JavaThread "http-nio-8080-exec-9" daemon [_thread_blocked, id=14304, stack(0x000000cb61e00000,0x000000cb61f00000)]
=>0x000002aee7b8cd10 JavaThread "http-nio-8080-exec-10" daemon [_thread_in_Java, id=14428, stack(0x000000cb61f00000,0x000000cb62000000)]
  0x000002aee7b8d1e0 JavaThread "http-nio-8080-Poller" daemon [_thread_in_native, id=9048, stack(0x000000cb62000000,0x000000cb62100000)]
  0x000002aee7b8a690 JavaThread "http-nio-8080-Acceptor" daemon [_thread_in_native, id=13952, stack(0x000000cb62100000,0x000000cb62200000)]
  0x000002aee7b8bea0 JavaThread "DestroyJavaVM" [_thread_blocked, id=5068, stack(0x000000cb5e500000,0x000000cb5e600000)]
  0x000002aee7b89350 JavaThread "ForkJoinPool.commonPool-worker-2" daemon [_thread_blocked, id=9124, stack(0x000000cb60300000,0x000000cb60400000)]
  0x000002aee7b6d570 JavaThread "C1 CompilerThread1" daemon [_thread_blocked, id=4540, stack(0x000000cb5e200000,0x000000cb5e300000)]
  0x000002aee7b8b500 JavaThread "Keep-Alive-Timer" daemon [_thread_blocked, id=9240, stack(0x000000cb60100000,0x000000cb60200000)]
  0x000002aee9e29030 JavaThread "C1 CompilerThread2" daemon [_thread_blocked, id=6932, stack(0x000000cb5e300000,0x000000cb5e400000)]
  0x000002aee36efbb0 JavaThread "C1 CompilerThread3" daemon [_thread_blocked, id=13396, stack(0x000000cb5e400000,0x000000cb5e500000)]
  0x000002aeea3eb7d0 JavaThread "C1 CompilerThread4" daemon [_thread_blocked, id=9464, stack(0x000000cb60200000,0x000000cb60300000)]
  0x000002aee9e2db70 JavaThread "C1 CompilerThread5" daemon [_thread_blocked, id=9112, stack(0x000000cb60800000,0x000000cb60900000)]
  0x000002aee9e2e080 JavaThread "C1 CompilerThread6" daemon [_thread_blocked, id=14920, stack(0x000000cb61300000,0x000000cb61400000)]
  0x000002aee7b39c70 JavaThread "C1 CompilerThread7" daemon [_thread_blocked, id=8464, stack(0x000000cb62200000,0x000000cb62300000)]

Other Threads:
  0x000002aee2912e20 VMThread "VM Thread" [stack: 0x000000cb5eb00000,0x000000cb5ec00000] [id=12304]
  0x000002aecb297490 WatcherThread [stack: 0x000000cb5fa00000,0x000000cb5fb00000] [id=3348]
  0x000002aecb26b4f0 GCTaskThread "GC Thread#0" [stack: 0x000000cb5e600000,0x000000cb5e700000] [id=10708]
  0x000002aee3eed880 GCTaskThread "GC Thread#1" [stack: 0x000000cb5fb00000,0x000000cb5fc00000] [id=304]
  0x000002aee3ebcc70 GCTaskThread "GC Thread#2" [stack: 0x000000cb5fc00000,0x000000cb5fd00000] [id=6748]
  0x000002aee3ebd940 GCTaskThread "GC Thread#3" [stack: 0x000000cb5fd00000,0x000000cb5fe00000] [id=12120]
  0x000002aee3ebdbf0 GCTaskThread "GC Thread#4" [stack: 0x000000cb5fe00000,0x000000cb5ff00000] [id=4544]
  0x000002aee3ec06c0 GCTaskThread "GC Thread#5" [stack: 0x000000cb5ff00000,0x000000cb60000000] [id=14684]
  0x000002aee3f1d540 GCTaskThread "GC Thread#6" [stack: 0x000000cb60000000,0x000000cb60100000] [id=1324]
  0x000002aee43647a0 GCTaskThread "GC Thread#7" [stack: 0x000000cb60400000,0x000000cb60500000] [id=8468]
  0x000002aee498f310 GCTaskThread "GC Thread#8" [stack: 0x000000cb60900000,0x000000cb60a00000] [id=11152]
  0x000002aee49905d0 GCTaskThread "GC Thread#9" [stack: 0x000000cb60a00000,0x000000cb60b00000] [id=2904]
  0x000002aee4990880 GCTaskThread "GC Thread#10" [stack: 0x000000cb60b00000,0x000000cb60c00000] [id=15168]
  0x000002aee4990d40 GCTaskThread "GC Thread#11" [stack: 0x000000cb60c00000,0x000000cb60d00000] [id=11252]
  0x000002aee4992870 GCTaskThread "GC Thread#12" [stack: 0x000000cb60d00000,0x000000cb60e00000] [id=11852]
  0x000002aecb27c270 ConcurrentGCThread "G1 Main Marker" [stack: 0x000000cb5e700000,0x000000cb5e800000] [id=336]
  0x000002aecb27cb80 ConcurrentGCThread "G1 Conc#0" [stack: 0x000000cb5e800000,0x000000cb5e900000] [id=15320]
  0x000002aee4992310 ConcurrentGCThread "G1 Conc#1" [stack: 0x000000cb60e00000,0x000000cb60f00000] [id=11036]
  0x000002aee4992b20 ConcurrentGCThread "G1 Conc#2" [stack: 0x000000cb60f00000,0x000000cb61000000] [id=10932]
  0x000002aee27cc210 ConcurrentGCThread "G1 Refine#0" [stack: 0x000000cb5e900000,0x000000cb5ea00000] [id=14036]
  0x000002aee27ccb30 ConcurrentGCThread "G1 Service" [stack: 0x000000cb5ea00000,0x000000cb5eb00000] [id=6756]

Threads with active compile tasks:

VM state: not at safepoint (normal execution)

VM Mutex/Monitor currently owned by a thread: None

Heap address: 0x0000000700c00000, size: 4084 MB, Compressed Oops mode: Zero based, Oop shift amount: 3

CDS archive(s) mapped at: [0x0000000800000000-0x0000000800bd0000-0x0000000800bd0000), size 12386304, SharedBaseAddress: 0x0000000800000000, ArchiveRelocationMode: 0.
Compressed class space mapped at: 0x0000000800c00000-0x0000000840c00000, reserved size: 1073741824
Narrow klass base: 0x0000000800000000, Narrow klass shift: 0, Narrow klass range: 0x100000000

GC Precious Log:
 CPUs: 16 total, 16 available
 Memory: 16335M
 Large Page Support: Disabled
 NUMA Support: Disabled
 Compressed Oops: Enabled (Zero based)
 Heap Region Size: 2M
 Heap Min Capacity: 8M
 Heap Initial Capacity: 256M
 Heap Max Capacity: 4084M
 Pre-touch: Disabled
 Parallel Workers: 13
 Concurrent Workers: 3
 Concurrent Refinement Workers: 13
 Periodic GC: Disabled

Heap:
 garbage-first heap   total 227328K, used 74481K [0x0000000700c00000, 0x0000000800000000)
  region size 2048K, 14 young (28672K), 1 survivors (2048K)
 Metaspace       used 86778K, committed 87744K, reserved 1130496K
  class space    used 12342K, committed 12800K, reserved 1048576K

Heap Regions: E=young(eden), S=young(survivor), O=old, HS=humongous(starts), HC=humongous(continues), CS=collection set, F=free, OA=open archive, CA=closed archive, TAMS=top-at-mark-start (previous, next)
|   0|0x0000000700c00000, 0x0000000700e00000, 0x0000000700e00000|100%| O|  |TAMS 0x0000000700e00000, 0x0000000700c00000| Untracked 
|   1|0x0000000700e00000, 0x0000000701000000, 0x0000000701000000|100%| O|  |TAMS 0x0000000701000000, 0x0000000700e00000| Untracked 
|   2|0x0000000701000000, 0x0000000701200000, 0x0000000701200000|100%| O|  |TAMS 0x0000000701200000, 0x0000000701000000| Untracked 
|   3|0x0000000701200000, 0x0000000701400000, 0x0000000701400000|100%| O|  |TAMS 0x0000000701200000, 0x0000000701200000| Untracked 
|   4|0x0000000701400000, 0x0000000701463200, 0x0000000701600000| 19%| O|  |TAMS 0x0000000701400000, 0x0000000701400000| Untracked 
|   5|0x0000000701600000, 0x0000000701800000, 0x0000000701800000|100%| O|  |TAMS 0x0000000701800000, 0x0000000701600000| Untracked 
|   6|0x0000000701800000, 0x0000000701a00000, 0x0000000701a00000|100%| O|  |TAMS 0x0000000701a00000, 0x0000000701800000| Untracked 
|   7|0x0000000701a00000, 0x0000000701c00000, 0x0000000701c00000|100%| O|  |TAMS 0x0000000701c00000, 0x0000000701a00000| Untracked 
|   8|0x0000000701c00000, 0x0000000701c00000, 0x0000000701e00000|  0%| F|  |TAMS 0x0000000701c00000, 0x0000000701c00000| Untracked 
|   9|0x0000000701e00000, 0x0000000702000000, 0x0000000702000000|100%| O|  |TAMS 0x0000000702000000, 0x0000000701e00000| Untracked 
|  10|0x0000000702000000, 0x0000000702000000, 0x0000000702200000|  0%| F|  |TAMS 0x0000000702000000, 0x0000000702000000| Untracked 
|  11|0x0000000702200000, 0x0000000702400000, 0x0000000702400000|100%| O|  |TAMS 0x0000000702400000, 0x0000000702200000| Untracked 
|  12|0x0000000702400000, 0x0000000702600000, 0x0000000702600000|100%| O|  |TAMS 0x0000000702600000, 0x0000000702400000| Untracked 
|  13|0x0000000702600000, 0x0000000702800000, 0x0000000702800000|100%| O|  |TAMS 0x0000000702800000, 0x0000000702600000| Untracked 
|  14|0x0000000702800000, 0x0000000702a00000, 0x0000000702a00000|100%| O|  |TAMS 0x0000000702a00000, 0x0000000702800000| Untracked 
|  15|0x0000000702a00000, 0x0000000702a00000, 0x0000000702c00000|  0%| F|  |TAMS 0x0000000702a00000, 0x0000000702a00000| Untracked 
|  16|0x0000000702c00000, 0x0000000702e00000, 0x0000000702e00000|100%| O|  |TAMS 0x0000000702e00000, 0x0000000702c00000| Untracked 
|  17|0x0000000702e00000, 0x0000000703000000, 0x0000000703000000|100%| O|  |TAMS 0x0000000703000000, 0x0000000702e00000| Untracked 
|  18|0x0000000703000000, 0x0000000703000000, 0x0000000703200000|  0%| F|  |TAMS 0x0000000703000000, 0x0000000703000000| Untracked 
|  19|0x0000000703200000, 0x0000000703400000, 0x0000000703400000|100%| O|  |TAMS 0x0000000703400000, 0x0000000703200000| Untracked 
|  20|0x0000000703400000, 0x0000000703600000, 0x0000000703600000|100%| O|  |TAMS 0x0000000703600000, 0x0000000703400000| Untracked 
|  21|0x0000000703600000, 0x0000000703800000, 0x0000000703800000|100%| O|  |TAMS 0x0000000703800000, 0x0000000703600000| Untracked 
|  22|0x0000000703800000, 0x0000000703a00000, 0x0000000703a00000|100%| O|  |TAMS 0x0000000703800000, 0x0000000703800000| Untracked 
|  23|0x0000000703a00000, 0x0000000703c00000, 0x0000000703c00000|100%| O|  |TAMS 0x0000000703a00000, 0x0000000703a00000| Untracked 
|  24|0x0000000703c00000, 0x0000000703e00000, 0x0000000703e00000|100%| O|  |TAMS 0x0000000703c00000, 0x0000000703c00000| Untracked 
|  25|0x0000000703e00000, 0x0000000704000000, 0x0000000704000000|100%| O|  |TAMS 0x0000000703e00000, 0x0000000703e00000| Untracked 
|  26|0x0000000704000000, 0x0000000704200000, 0x0000000704200000|100%| O|  |TAMS 0x0000000704000000, 0x0000000704000000| Untracked 
|  27|0x0000000704200000, 0x0000000704400000, 0x0000000704400000|100%| O|  |TAMS 0x0000000704200000, 0x0000000704200000| Untracked 
|  28|0x0000000704400000, 0x0000000704600000, 0x0000000704600000|100%| O|  |TAMS 0x0000000704400000, 0x0000000704400000| Untracked 
|  29|0x0000000704600000, 0x0000000704600000, 0x0000000704800000|  0%| F|  |TAMS 0x0000000704600000, 0x0000000704600000| Untracked 
|  30|0x0000000704800000, 0x0000000704800000, 0x0000000704a00000|  0%| F|  |TAMS 0x0000000704800000, 0x0000000704800000| Untracked 
|  31|0x0000000704a00000, 0x0000000704a00000, 0x0000000704c00000|  0%| F|  |TAMS 0x0000000704a00000, 0x0000000704a00000| Untracked 
|  32|0x0000000704c00000, 0x0000000704c00000, 0x0000000704e00000|  0%| F|  |TAMS 0x0000000704c00000, 0x0000000704c00000| Untracked 
|  33|0x0000000704e00000, 0x0000000704e00000, 0x0000000705000000|  0%| F|  |TAMS 0x0000000704e00000, 0x0000000704e00000| Untracked 
|  34|0x0000000705000000, 0x0000000705000000, 0x0000000705200000|  0%| F|  |TAMS 0x0000000705000000, 0x0000000705000000| Untracked 
|  35|0x0000000705200000, 0x0000000705200000, 0x0000000705400000|  0%| F|  |TAMS 0x0000000705200000, 0x0000000705200000| Untracked 
|  36|0x0000000705400000, 0x0000000705400000, 0x0000000705600000|  0%| F|  |TAMS 0x0000000705400000, 0x0000000705400000| Untracked 
|  37|0x0000000705600000, 0x0000000705600000, 0x0000000705800000|  0%| F|  |TAMS 0x0000000705600000, 0x0000000705600000| Untracked 
|  38|0x0000000705800000, 0x0000000705800000, 0x0000000705a00000|  0%| F|  |TAMS 0x0000000705800000, 0x0000000705800000| Untracked 
|  39|0x0000000705a00000, 0x0000000705a00000, 0x0000000705c00000|  0%| F|  |TAMS 0x0000000705a00000, 0x0000000705a00000| Untracked 
|  40|0x0000000705c00000, 0x0000000705c00000, 0x0000000705e00000|  0%| F|  |TAMS 0x0000000705c00000, 0x0000000705c00000| Untracked 
|  41|0x0000000705e00000, 0x0000000705e00000, 0x0000000706000000|  0%| F|  |TAMS 0x0000000705e00000, 0x0000000705e00000| Untracked 
|  42|0x0000000706000000, 0x0000000706000000, 0x0000000706200000|  0%| F|  |TAMS 0x0000000706000000, 0x0000000706000000| Untracked 
|  43|0x0000000706200000, 0x0000000706200000, 0x0000000706400000|  0%| F|  |TAMS 0x0000000706200000, 0x0000000706200000| Untracked 
|  44|0x0000000706400000, 0x00000007064594c0, 0x0000000706600000| 17%| S|CS|TAMS 0x0000000706400000, 0x0000000706400000| Complete 
|  45|0x0000000706600000, 0x0000000706600000, 0x0000000706800000|  0%| F|  |TAMS 0x0000000706600000, 0x0000000706600000| Untracked 
|  46|0x0000000706800000, 0x0000000706800000, 0x0000000706a00000|  0%| F|  |TAMS 0x0000000706800000, 0x0000000706800000| Untracked 
|  47|0x0000000706a00000, 0x0000000706a00000, 0x0000000706c00000|  0%| F|  |TAMS 0x0000000706a00000, 0x0000000706a00000| Untracked 
|  48|0x0000000706c00000, 0x0000000706c00000, 0x0000000706e00000|  0%| F|  |TAMS 0x0000000706c00000, 0x0000000706c00000| Untracked 
|  49|0x0000000706e00000, 0x0000000706e00000, 0x0000000707000000|  0%| F|  |TAMS 0x0000000706e00000, 0x0000000706e00000| Untracked 
|  50|0x0000000707000000, 0x0000000707000000, 0x0000000707200000|  0%| F|  |TAMS 0x0000000707000000, 0x0000000707000000| Untracked 
|  51|0x0000000707200000, 0x0000000707200000, 0x0000000707400000|  0%| F|  |TAMS 0x0000000707200000, 0x0000000707200000| Untracked 
|  52|0x0000000707400000, 0x0000000707400000, 0x0000000707600000|  0%| F|  |TAMS 0x0000000707400000, 0x0000000707400000| Untracked 
|  53|0x0000000707600000, 0x0000000707600000, 0x0000000707800000|  0%| F|  |TAMS 0x0000000707600000, 0x0000000707600000| Untracked 
|  54|0x0000000707800000, 0x0000000707800000, 0x0000000707a00000|  0%| F|  |TAMS 0x0000000707800000, 0x0000000707800000| Untracked 
|  55|0x0000000707a00000, 0x0000000707a00000, 0x0000000707c00000|  0%| F|  |TAMS 0x0000000707a00000, 0x0000000707a00000| Untracked 
|  56|0x0000000707c00000, 0x0000000707c00000, 0x0000000707e00000|  0%| F|  |TAMS 0x0000000707c00000, 0x0000000707c00000| Untracked 
|  57|0x0000000707e00000, 0x0000000707e00000, 0x0000000708000000|  0%| F|  |TAMS 0x0000000707e00000, 0x0000000707e00000| Untracked 
|  58|0x0000000708000000, 0x0000000708000000, 0x0000000708200000|  0%| F|  |TAMS 0x0000000708000000, 0x0000000708000000| Untracked 
|  59|0x0000000708200000, 0x0000000708200000, 0x0000000708400000|  0%| F|  |TAMS 0x0000000708200000, 0x0000000708200000| Untracked 
|  60|0x0000000708400000, 0x0000000708400000, 0x0000000708600000|  0%| F|  |TAMS 0x0000000708400000, 0x0000000708400000| Untracked 
|  61|0x0000000708600000, 0x0000000708600000, 0x0000000708800000|  0%| F|  |TAMS 0x0000000708600000, 0x0000000708600000| Untracked 
|  62|0x0000000708800000, 0x0000000708800000, 0x0000000708a00000|  0%| F|  |TAMS 0x0000000708800000, 0x0000000708800000| Untracked 
|  63|0x0000000708a00000, 0x0000000708a00000, 0x0000000708c00000|  0%| F|  |TAMS 0x0000000708a00000, 0x0000000708a00000| Untracked 
|  64|0x0000000708c00000, 0x0000000708c00000, 0x0000000708e00000|  0%| F|  |TAMS 0x0000000708c00000, 0x0000000708c00000| Untracked 
|  65|0x0000000708e00000, 0x0000000708e00000, 0x0000000709000000|  0%| F|  |TAMS 0x0000000708e00000, 0x0000000708e00000| Untracked 
|  66|0x0000000709000000, 0x0000000709000000, 0x0000000709200000|  0%| F|  |TAMS 0x0000000709000000, 0x0000000709000000| Untracked 
|  67|0x0000000709200000, 0x0000000709200000, 0x0000000709400000|  0%| F|  |TAMS 0x0000000709200000, 0x0000000709200000| Untracked 
|  68|0x0000000709400000, 0x0000000709400000, 0x0000000709600000|  0%| F|  |TAMS 0x0000000709400000, 0x0000000709400000| Untracked 
|  69|0x0000000709600000, 0x0000000709600000, 0x0000000709800000|  0%| F|  |TAMS 0x0000000709600000, 0x0000000709600000| Untracked 
|  70|0x0000000709800000, 0x0000000709800000, 0x0000000709a00000|  0%| F|  |TAMS 0x0000000709800000, 0x0000000709800000| Untracked 
|  71|0x0000000709a00000, 0x0000000709a00000, 0x0000000709c00000|  0%| F|  |TAMS 0x0000000709a00000, 0x0000000709a00000| Untracked 
|  72|0x0000000709c00000, 0x0000000709c00000, 0x0000000709e00000|  0%| F|  |TAMS 0x0000000709c00000, 0x0000000709c00000| Untracked 
|  73|0x0000000709e00000, 0x0000000709e00000, 0x000000070a000000|  0%| F|  |TAMS 0x0000000709e00000, 0x0000000709e00000| Untracked 
|  74|0x000000070a000000, 0x000000070a000000, 0x000000070a200000|  0%| F|  |TAMS 0x000000070a000000, 0x000000070a000000| Untracked 
|  75|0x000000070a200000, 0x000000070a200000, 0x000000070a400000|  0%| F|  |TAMS 0x000000070a200000, 0x000000070a200000| Untracked 
|  76|0x000000070a400000, 0x000000070a400000, 0x000000070a600000|  0%| F|  |TAMS 0x000000070a400000, 0x000000070a400000| Untracked 
|  77|0x000000070a600000, 0x000000070a600000, 0x000000070a800000|  0%| F|  |TAMS 0x000000070a600000, 0x000000070a600000| Untracked 
|  78|0x000000070a800000, 0x000000070a800000, 0x000000070aa00000|  0%| F|  |TAMS 0x000000070a800000, 0x000000070a800000| Untracked 
|  79|0x000000070aa00000, 0x000000070aa00000, 0x000000070ac00000|  0%| F|  |TAMS 0x000000070aa00000, 0x000000070aa00000| Untracked 
|  80|0x000000070ac00000, 0x000000070ac00000, 0x000000070ae00000|  0%| F|  |TAMS 0x000000070ac00000, 0x000000070ac00000| Untracked 
|  81|0x000000070ae00000, 0x000000070ae00000, 0x000000070b000000|  0%| F|  |TAMS 0x000000070ae00000, 0x000000070ae00000| Untracked 
|  82|0x000000070b000000, 0x000000070b000000, 0x000000070b200000|  0%| F|  |TAMS 0x000000070b000000, 0x000000070b000000| Untracked 
|  83|0x000000070b200000, 0x000000070b200000, 0x000000070b400000|  0%| F|  |TAMS 0x000000070b200000, 0x000000070b200000| Untracked 
|  84|0x000000070b400000, 0x000000070b400000, 0x000000070b600000|  0%| F|  |TAMS 0x000000070b400000, 0x000000070b400000| Untracked 
|  85|0x000000070b600000, 0x000000070b600000, 0x000000070b800000|  0%| F|  |TAMS 0x000000070b600000, 0x000000070b600000| Untracked 
|  86|0x000000070b800000, 0x000000070b800000, 0x000000070ba00000|  0%| F|  |TAMS 0x000000070b800000, 0x000000070b800000| Untracked 
|  87|0x000000070ba00000, 0x000000070ba00000, 0x000000070bc00000|  0%| F|  |TAMS 0x000000070ba00000, 0x000000070ba00000| Untracked 
|  88|0x000000070bc00000, 0x000000070bc00000, 0x000000070be00000|  0%| F|  |TAMS 0x000000070bc00000, 0x000000070bc00000| Untracked 
|  89|0x000000070be00000, 0x000000070be00000, 0x000000070c000000|  0%| F|  |TAMS 0x000000070be00000, 0x000000070be00000| Untracked 
|  90|0x000000070c000000, 0x000000070c000000, 0x000000070c200000|  0%| F|  |TAMS 0x000000070c000000, 0x000000070c000000| Untracked 
|  91|0x000000070c200000, 0x000000070c200000, 0x000000070c400000|  0%| F|  |TAMS 0x000000070c200000, 0x000000070c200000| Untracked 
|  92|0x000000070c400000, 0x000000070c400000, 0x000000070c600000|  0%| F|  |TAMS 0x000000070c400000, 0x000000070c400000| Untracked 
|  93|0x000000070c600000, 0x000000070c600000, 0x000000070c800000|  0%| F|  |TAMS 0x000000070c600000, 0x000000070c600000| Untracked 
|  94|0x000000070c800000, 0x000000070c800000, 0x000000070ca00000|  0%| F|  |TAMS 0x000000070c800000, 0x000000070c800000| Untracked 
|  95|0x000000070ca00000, 0x000000070ca00000, 0x000000070cc00000|  0%| F|  |TAMS 0x000000070ca00000, 0x000000070ca00000| Untracked 
|  96|0x000000070cc00000, 0x000000070cc00000, 0x000000070ce00000|  0%| F|  |TAMS 0x000000070cc00000, 0x000000070cc00000| Untracked 
|  97|0x000000070ce00000, 0x000000070ce00000, 0x000000070d000000|  0%| F|  |TAMS 0x000000070ce00000, 0x000000070ce00000| Untracked 
|  98|0x000000070d000000, 0x000000070d01b3e8, 0x000000070d200000|  5%| E|  |TAMS 0x000000070d000000, 0x000000070d000000| Complete 
|  99|0x000000070d200000, 0x000000070d400000, 0x000000070d400000|100%| E|CS|TAMS 0x000000070d200000, 0x000000070d200000| Complete 
| 100|0x000000070d400000, 0x000000070d600000, 0x000000070d600000|100%| E|CS|TAMS 0x000000070d400000, 0x000000070d400000| Complete 
| 101|0x000000070d600000, 0x000000070d800000, 0x000000070d800000|100%| E|CS|TAMS 0x000000070d600000, 0x000000070d600000| Complete 
| 102|0x000000070d800000, 0x000000070da00000, 0x000000070da00000|100%| E|CS|TAMS 0x000000070d800000, 0x000000070d800000| Complete 
| 103|0x000000070da00000, 0x000000070dc00000, 0x000000070dc00000|100%| E|CS|TAMS 0x000000070da00000, 0x000000070da00000| Complete 
| 104|0x000000070dc00000, 0x000000070de00000, 0x000000070de00000|100%| E|CS|TAMS 0x000000070dc00000, 0x000000070dc00000| Complete 
| 105|0x000000070de00000, 0x000000070e000000, 0x000000070e000000|100%| E|CS|TAMS 0x000000070de00000, 0x000000070de00000| Complete 
| 106|0x000000070e000000, 0x000000070e200000, 0x000000070e200000|100%| E|CS|TAMS 0x000000070e000000, 0x000000070e000000| Complete 
| 107|0x000000070e200000, 0x000000070e400000, 0x000000070e400000|100%| E|CS|TAMS 0x000000070e200000, 0x000000070e200000| Complete 
| 108|0x000000070e400000, 0x000000070e600000, 0x000000070e600000|100%| E|CS|TAMS 0x000000070e400000, 0x000000070e400000| Complete 
| 109|0x000000070e600000, 0x000000070e800000, 0x000000070e800000|100%| E|CS|TAMS 0x000000070e600000, 0x000000070e600000| Complete 
| 127|0x0000000710a00000, 0x0000000710c00000, 0x0000000710c00000|100%| E|CS|TAMS 0x0000000710a00000, 0x0000000710a00000| Complete 

Card table byte_map: [0x000002aed68e0000,0x000002aed70e0000] _byte_map_base: 0x000002aed30da000

Marking Bits (Prev, Next): (CMBitMap*) 0x000002aecb26ba00, (CMBitMap*) 0x000002aecb26ba40
 Prev Bits: [0x000002aed78e0000, 0x000002aedb8b0000)
 Next Bits: [0x000002aedb8b0000, 0x000002aedf880000)

Polling page: 0x000002aeca9c0000

Metaspace:

Usage:
  Non-class:     72.69 MB used.
      Class:     12.05 MB used.
       Both:     84.74 MB used.

Virtual space:
  Non-class space:       80.00 MB reserved,      73.19 MB ( 91%) committed,  10 nodes.
      Class space:        1.00 GB reserved,      12.50 MB (  1%) committed,  1 nodes.
             Both:        1.08 GB reserved,      85.69 MB (  8%) committed. 

Chunk freelists:
   Non-Class:  1.88 MB
       Class:  3.52 MB
        Both:  5.39 MB

MaxMetaspaceSize: unlimited
CompressedClassSpaceSize: 1.00 GB
Initial GC threshold: 21.00 MB
Current GC threshold: 133.44 MB
CDS: on
MetaspaceReclaimPolicy: balanced
 - commit_granule_bytes: 65536.
 - commit_granule_words: 8192.
 - virtual_space_node_default_size: 1048576.
 - enlarge_chunks_in_place: 1.
 - new_chunks_are_fully_committed: 0.
 - uncommit_free_chunks: 1.
 - use_allocation_guard: 0.
 - handle_deallocations: 1.


Internal statistics:

num_allocs_failed_limit: 9.
num_arena_births: 1862.
num_arena_deaths: 396.
num_vsnodes_births: 11.
num_vsnodes_deaths: 0.
num_space_committed: 1371.
num_space_uncommitted: 0.
num_chunks_returned_to_freelist: 484.
num_chunks_taken_from_freelist: 5306.
num_chunk_merges: 156.
num_chunk_splits: 3581.
num_chunks_enlarged: 2534.
num_purges: 2.
num_inconsistent_stats: 0.

CodeCache: size=49152Kb used=21793Kb max_used=21793Kb free=27358Kb
 bounds [0x000002aed2a70000, 0x000002aed4010000, 0x000002aed5a70000]
 total_blobs=10762 nmethods=9759 adapters=921
 compilation: enabled
              stopped_count=0, restarted_count=0
 full_count=0

Compilation events (20 events):
Event: 85.315 Thread 0x000002aee9e29030 nmethod 9679 0x000002aed392e990 code [0x000002aed392eb20, 0x000002aed392ebf8]
Event: 85.315 Thread 0x000002aee9e29030 9692       1       org.apache.tomcat.util.buf.MessageBytes::toChars (69 bytes)
Event: 85.316 Thread 0x000002aee7b6d570 nmethod 9681 0x000002aed392e690 code [0x000002aed392e820, 0x000002aed392e8f8]
Event: 85.316 Thread 0x000002aee341d2f0 nmethod 9680 0x000002aed392e210 code [0x000002aed392e3c0, 0x000002aed392e578]
Event: 85.316 Thread 0x000002aee341d2f0 9694       1       org.apache.catalina.core.ApplicationContextFacade::getEffectiveSessionTrackingModes (26 bytes)
Event: 85.316 Thread 0x000002aee341d2f0 nmethod 9694 0x000002aed392de90 code [0x000002aed392e020, 0x000002aed392e118]
Event: 85.316 Thread 0x000002aee7b6d570 9690       1       org.apache.tomcat.util.buf.CharChunk::allocate (49 bytes)
Event: 85.316 Thread 0x000002aee9e29030 nmethod 9692 0x000002aed392d690 code [0x000002aed392d860, 0x000002aed392dc88]
Event: 85.316 Thread 0x000002aee9e29030 9695       1       org.apache.catalina.util.SessionConfig::getConfiguredSessionCookieName (58 bytes)
Event: 85.316 Thread 0x000002aee341d2f0 9699       1       org.apache.tomcat.util.http.ServerCookies::addCookie (160 bytes)
Event: 85.317 Thread 0x000002aee7b6d570 nmethod 9690 0x000002aed392d210 code [0x000002aed392d3a0, 0x000002aed392d598]
Event: 85.317 Thread 0x000002aee36efbb0 9697       1       org.apache.catalina.core.ApplicationContext::getEffectiveSessionTrackingModes (17 bytes)
Event: 85.317 Thread 0x000002aeea3eb7d0 9682       1       org.apache.catalina.connector.Connector::getRejectSuspiciousURIs (5 bytes)
Event: 85.317 Thread 0x000002aee7b6d570 9702       1       org.apache.catalina.core.StandardContext::getPaused (5 bytes)
Event: 85.317 Thread 0x000002aee9e2e080 9709       1       org.apache.catalina.core.StandardContext::getPreemptiveAuthentication (5 bytes)
Event: 85.317 Thread 0x000002aee9e2db70 9700       1       org.apache.tomcat.util.http.ServerCookies::getCookieCount (5 bytes)
Event: 85.317 Thread 0x000002aee9e29030 nmethod 9695 0x000002aed392cb90 code [0x000002aed392cd60, 0x000002aed392cfd8]
Event: 85.317 Thread 0x000002aeea3eb7d0 nmethod 9682 0x000002aed392c890 code [0x000002aed392ca20, 0x000002aed392caf8]
Event: 85.317 Thread 0x000002aee9e29030 9685       1       org.apache.catalina.connector.Connector::getSecure (5 bytes)
Event: 85.317 Thread 0x000002aee36efbb0 nmethod 9697 0x000002aed392c590 code [0x000002aed392c720, 0x000002aed392c818]

GC Heap History (20 events):
Event: 6.426 GC heap before
{Heap before GC invocations=13 (full 0):
 garbage-first heap   total 96256K, used 73002K [0x0000000700c00000, 0x0000000800000000)
  region size 2048K, 23 young (47104K), 2 survivors (4096K)
 Metaspace       used 63904K, committed 64512K, reserved 1105920K
  class space    used 9178K, committed 9472K, reserved 1048576K
}
Event: 6.430 GC heap after
{Heap after GC invocations=14 (full 0):
 garbage-first heap   total 96256K, used 32409K [0x0000000700c00000, 0x0000000800000000)
  region size 2048K, 3 young (6144K), 3 survivors (6144K)
 Metaspace       used 63904K, committed 64512K, reserved 1105920K
  class space    used 9178K, committed 9472K, reserved 1048576K
}
Event: 6.646 GC heap before
{Heap before GC invocations=14 (full 0):
 garbage-first heap   total 96256K, used 73369K [0x0000000700c00000, 0x0000000800000000)
  region size 2048K, 23 young (47104K), 3 survivors (6144K)
 Metaspace       used 64483K, committed 65088K, reserved 1105920K
  class space    used 9251K, committed 9536K, reserved 1048576K
}
Event: 6.649 GC heap after
{Heap after GC invocations=15 (full 0):
 garbage-first heap   total 96256K, used 33435K [0x0000000700c00000, 0x0000000800000000)
  region size 2048K, 2 young (4096K), 2 survivors (4096K)
 Metaspace       used 64483K, committed 65088K, reserved 1105920K
  class space    used 9251K, committed 9536K, reserved 1048576K
}
Event: 7.319 GC heap before
{Heap before GC invocations=15 (full 0):
 garbage-first heap   total 96256K, used 76443K [0x0000000700c00000, 0x0000000800000000)
  region size 2048K, 23 young (47104K), 2 survivors (4096K)
 Metaspace       used 69227K, committed 69952K, reserved 1114112K
  class space    used 9995K, committed 10304K, reserved 1048576K
}
Event: 7.324 GC heap after
{Heap after GC invocations=16 (full 0):
 garbage-first heap   total 96256K, used 37336K [0x0000000700c00000, 0x0000000800000000)
  region size 2048K, 3 young (6144K), 3 survivors (6144K)
 Metaspace       used 69227K, committed 69952K, reserved 1114112K
  class space    used 9995K, committed 10304K, reserved 1048576K
}
Event: 12.671 GC heap before
{Heap before GC invocations=16 (full 0):
 garbage-first heap   total 96256K, used 76248K [0x0000000700c00000, 0x0000000800000000)
  region size 2048K, 22 young (45056K), 3 survivors (6144K)
 Metaspace       used 73969K, committed 74816K, reserved 1114112K
  class space    used 10674K, committed 11072K, reserved 1048576K
}
Event: 12.678 GC heap after
{Heap after GC invocations=17 (full 0):
 garbage-first heap   total 96256K, used 42044K [0x0000000700c00000, 0x0000000800000000)
  region size 2048K, 3 young (6144K), 3 survivors (6144K)
 Metaspace       used 73969K, committed 74816K, reserved 1114112K
  class space    used 10674K, committed 11072K, reserved 1048576K
}
Event: 12.926 GC heap before
{Heap before GC invocations=17 (full 0):
 garbage-first heap   total 96256K, used 72764K [0x0000000700c00000, 0x0000000800000000)
  region size 2048K, 18 young (36864K), 3 survivors (6144K)
 Metaspace       used 76293K, committed 77248K, reserved 1122304K
  class space    used 10920K, committed 11392K, reserved 1048576K
}
Event: 12.930 GC heap after
{Heap after GC invocations=18 (full 0):
 garbage-first heap   total 96256K, used 46241K [0x0000000700c00000, 0x0000000800000000)
  region size 2048K, 3 young (6144K), 3 survivors (6144K)
 Metaspace       used 76293K, committed 77248K, reserved 1122304K
  class space    used 10920K, committed 11392K, reserved 1048576K
}
Event: 13.288 GC heap before
{Heap before GC invocations=18 (full 0):
 garbage-first heap   total 96256K, used 72865K [0x0000000700c00000, 0x0000000800000000)
  region size 2048K, 16 young (32768K), 3 survivors (6144K)
 Metaspace       used 77823K, committed 78976K, reserved 1122304K
  class space    used 11157K, committed 11712K, reserved 1048576K
}
Event: 13.292 GC heap after
{Heap after GC invocations=19 (full 0):
 garbage-first heap   total 96256K, used 47203K [0x0000000700c00000, 0x0000000800000000)
  region size 2048K, 2 young (4096K), 2 survivors (4096K)
 Metaspace       used 77823K, committed 78976K, reserved 1122304K
  class space    used 11157K, committed 11712K, reserved 1048576K
}
Event: 54.397 GC heap before
{Heap before GC invocations=19 (full 0):
 garbage-first heap   total 96256K, used 71779K [0x0000000700c00000, 0x0000000800000000)
  region size 2048K, 15 young (30720K), 2 survivors (4096K)
 Metaspace       used 80868K, committed 81984K, reserved 1122304K
  class space    used 11610K, committed 12160K, reserved 1048576K
}
Event: 54.402 GC heap after
{Heap after GC invocations=20 (full 0):
 garbage-first heap   total 96256K, used 49224K [0x0000000700c00000, 0x0000000800000000)
  region size 2048K, 1 young (2048K), 1 survivors (2048K)
 Metaspace       used 80868K, committed 81984K, reserved 1122304K
  class space    used 11610K, committed 12160K, reserved 1048576K
}
Event: 77.147 GC heap before
{Heap before GC invocations=21 (full 0):
 garbage-first heap   total 96256K, used 73800K [0x0000000700c00000, 0x0000000800000000)
  region size 2048K, 14 young (28672K), 1 survivors (2048K)
 Metaspace       used 85870K, committed 86848K, reserved 1130496K
  class space    used 12214K, committed 12672K, reserved 1048576K
}
Event: 77.151 GC heap after
{Heap after GC invocations=22 (full 0):
 garbage-first heap   total 96256K, used 51276K [0x0000000700c00000, 0x0000000800000000)
  region size 2048K, 2 young (4096K), 2 survivors (4096K)
 Metaspace       used 85870K, committed 86848K, reserved 1130496K
  class space    used 12214K, committed 12672K, reserved 1048576K
}
Event: 77.155 GC heap before
{Heap before GC invocations=22 (full 0):
 garbage-first heap   total 96256K, used 53324K [0x0000000700c00000, 0x0000000800000000)
  region size 2048K, 3 young (6144K), 2 survivors (4096K)
 Metaspace       used 85870K, committed 86848K, reserved 1130496K
  class space    used 12214K, committed 12672K, reserved 1048576K
}
Event: 77.164 GC heap after
{Heap after GC invocations=23 (full 0):
 garbage-first heap   total 96256K, used 49893K [0x0000000700c00000, 0x0000000800000000)
  region size 2048K, 1 young (2048K), 1 survivors (2048K)
 Metaspace       used 85870K, committed 86848K, reserved 1130496K
  class space    used 12214K, committed 12672K, reserved 1048576K
}
Event: 77.213 GC heap before
{Heap before GC invocations=23 (full 0):
 garbage-first heap   total 96256K, used 51941K [0x0000000700c00000, 0x0000000800000000)
  region size 2048K, 2 young (4096K), 1 survivors (2048K)
 Metaspace       used 86293K, committed 87296K, reserved 1130496K
  class space    used 12264K, committed 12736K, reserved 1048576K
}
Event: 77.217 GC heap after
{Heap after GC invocations=24 (full 0):
 garbage-first heap   total 227328K, used 49905K [0x0000000700c00000, 0x0000000800000000)
  region size 2048K, 1 young (2048K), 1 survivors (2048K)
 Metaspace       used 86293K, committed 87296K, reserved 1130496K
  class space    used 12264K, committed 12736K, reserved 1048576K
}

Deoptimization events (18 events):
Event: 1.673 Thread 0x000002aee3f7e3c0 DEOPT PACKING pc=0x000002aed31e1379 sp=0x000000cb603fc990
Event: 1.673 Thread 0x000002aee3f7e3c0 DEOPT UNPACKING pc=0x000002aed2ac2b43 sp=0x000000cb603fbe70 mode 3
Event: 3.478 Thread 0x000002aee3f7e3c0 DEOPT PACKING pc=0x000002aed3498f25 sp=0x000000cb603fc900
Event: 3.478 Thread 0x000002aee3f7e3c0 DEOPT UNPACKING pc=0x000002aed2ac2b43 sp=0x000000cb603fbe68 mode 3
Event: 6.173 Thread 0x000002aee3f7e3c0 DEOPT PACKING pc=0x000002aed3512cdc sp=0x000000cb603fba50
Event: 6.173 Thread 0x000002aee3f7e3c0 DEOPT UNPACKING pc=0x000002aed2ac2b43 sp=0x000000cb603fafa8 mode 0
Event: 6.349 Thread 0x000002aee3f7e3c0 DEOPT PACKING pc=0x000002aed30e8e62 sp=0x000000cb603fbd00
Event: 6.349 Thread 0x000002aee3f7e3c0 DEOPT UNPACKING pc=0x000002aed2ac2b43 sp=0x000000cb603fb208 mode 3
Event: 6.480 Thread 0x000002aee3f7e3c0 DEOPT PACKING pc=0x000002aed372e2f9 sp=0x000000cb603fb9b0
Event: 6.480 Thread 0x000002aee3f7e3c0 DEOPT UNPACKING pc=0x000002aed2ac2b43 sp=0x000000cb603fae90 mode 3
Event: 7.202 Thread 0x000002aee3f7e3c0 DEOPT PACKING pc=0x000002aed2f74ae4 sp=0x000000cb603f9880
Event: 7.202 Thread 0x000002aee3f7e3c0 DEOPT UNPACKING pc=0x000002aed2ac2b43 sp=0x000000cb603f8da0 mode 0
Event: 7.202 Thread 0x000002aee3f7e3c0 DEOPT PACKING pc=0x000002aed2f74134 sp=0x000000cb603f9970
Event: 7.202 Thread 0x000002aee3f7e3c0 DEOPT UNPACKING pc=0x000002aed2ac2b43 sp=0x000000cb603f8e30 mode 0
Event: 85.300 Thread 0x000002aee7b89cf0 DEOPT PACKING pc=0x000002aed3af89d4 sp=0x000000cb61cf9980
Event: 85.300 Thread 0x000002aee7b89cf0 DEOPT UNPACKING pc=0x000002aed2ac2b43 sp=0x000000cb61cf8f98 mode 0
Event: 85.300 Thread 0x000002aee7b89cf0 DEOPT PACKING pc=0x000002aed3af8284 sp=0x000000cb61cf9bc0
Event: 85.300 Thread 0x000002aee7b89cf0 DEOPT UNPACKING pc=0x000002aed2ac2b43 sp=0x000000cb61cf9168 mode 0

Classes unloaded (20 events):
Event: 54.432 Thread 0x000002aee2912e20 Unloading class 0x0000000800cd6000 'java/lang/invoke/LambdaForm$MH+0x0000000800cd6000'
Event: 54.432 Thread 0x000002aee2912e20 Unloading class 0x0000000800cd5c00 'java/lang/invoke/LambdaForm$MH+0x0000000800cd5c00'
Event: 54.432 Thread 0x000002aee2912e20 Unloading class 0x0000000800cd5800 'java/lang/invoke/LambdaForm$MH+0x0000000800cd5800'
Event: 54.432 Thread 0x000002aee2912e20 Unloading class 0x0000000800cd5400 'java/lang/invoke/LambdaForm$MH+0x0000000800cd5400'
Event: 54.432 Thread 0x000002aee2912e20 Unloading class 0x0000000800cd5000 'java/lang/invoke/LambdaForm$MH+0x0000000800cd5000'
Event: 54.432 Thread 0x000002aee2912e20 Unloading class 0x0000000800cd4c00 'java/lang/invoke/LambdaForm$MH+0x0000000800cd4c00'
Event: 54.432 Thread 0x000002aee2912e20 Unloading class 0x0000000800cd4400 'java/lang/invoke/LambdaForm$MH+0x0000000800cd4400'
Event: 54.432 Thread 0x000002aee2912e20 Unloading class 0x0000000800cd4000 'java/lang/invoke/LambdaForm$MH+0x0000000800cd4000'
Event: 54.432 Thread 0x000002aee2912e20 Unloading class 0x0000000800cc0800 'jdk/internal/reflect/GeneratedSerializationConstructorAccessor3'
Event: 54.432 Thread 0x000002aee2912e20 Unloading class 0x0000000800cc0400 'jdk/internal/reflect/GeneratedSerializationConstructorAccessor2'
Event: 54.432 Thread 0x000002aee2912e20 Unloading class 0x0000000800cc0000 'jdk/internal/reflect/GeneratedSerializationConstructorAccessor1'
Event: 54.432 Thread 0x000002aee2912e20 Unloading class 0x0000000800c09000 'java/lang/invoke/LambdaForm$DMH+0x0000000800c09000'
Event: 54.432 Thread 0x000002aee2912e20 Unloading class 0x0000000800c08800 'java/lang/invoke/LambdaForm$DMH+0x0000000800c08800'
Event: 54.432 Thread 0x000002aee2912e20 Unloading class 0x0000000800c07c00 'jdk/internal/reflect/GeneratedConstructorAccessor1'
Event: 54.432 Thread 0x000002aee2912e20 Unloading class 0x0000000800c05000 'java/lang/invoke/LambdaForm$MH+0x0000000800c05000'
Event: 54.432 Thread 0x000002aee2912e20 Unloading class 0x0000000800c04c00 'java/lang/invoke/LambdaForm$MH+0x0000000800c04c00'
Event: 54.432 Thread 0x000002aee2912e20 Unloading class 0x0000000800c04400 'java/lang/invoke/LambdaForm$MH+0x0000000800c04400'
Event: 54.432 Thread 0x000002aee2912e20 Unloading class 0x0000000800c03800 'java/lang/invoke/LambdaForm$MH+0x0000000800c03800'
Event: 54.432 Thread 0x000002aee2912e20 Unloading class 0x0000000800c03000 'java/lang/invoke/LambdaForm$MH+0x0000000800c03000'
Event: 54.432 Thread 0x000002aee2912e20 Unloading class 0x0000000800c02800 'java/lang/invoke/LambdaForm$MH+0x0000000800c02800'

Classes redefined (0 events):
No events

Internal exceptions (20 events):
Event: 13.199 Thread 0x000002aee4639f80 Exception <a 'java/lang/ClassNotFoundException'{0x00000007055bae18}: org/thymeleaf/model/AttributeValueQuotesCustomizer> (0x00000007055bae18) 
thrown [s\open\src\hotspot\share\classfile\systemDictionary.cpp, line 256]
Event: 13.200 Thread 0x000002aee4639f80 Exception <a 'java/lang/NoSuchMethodError'{0x00000007055c2d80}: 'java.lang.Object java.lang.invoke.DirectMethodHandle$Holder.invokeInterface(java.lang.Object, java.lang.Object, java.lang.Object, java.lang.Object, java.lang.Object, int)'> (0x00000007055c2d80) 
thrown [s\open\src\hotspot\share\interpreter\linkResolver.cpp, line 759]
Event: 13.203 Thread 0x000002aee4639f80 Exception <a 'java/lang/NoSuchMethodError'{0x0000000705210640}: 'java.lang.Object java.lang.invoke.Invokers$Holder.linkToCallSite(java.lang.Object, java.lang.Object, int, java.lang.Object)'> (0x0000000705210640) 
thrown [s\open\src\hotspot\share\interpreter\linkResolver.cpp, line 759]
Event: 13.205 Thread 0x000002aee4639f80 Exception <a 'java/lang/ClassNotFoundException'{0x000000070522ade8}: org/thymeleaf/engine/ElementTagStructureHandlerBeanInfo> (0x000000070522ade8) 
thrown [s\open\src\hotspot\share\classfile\systemDictionary.cpp, line 256]
Event: 13.206 Thread 0x000002aee4639f80 Exception <a 'java/lang/ClassNotFoundException'{0x0000000705236010}: org/thymeleaf/engine/ElementTagStructureHandlerCustomizer> (0x0000000705236010) 
thrown [s\open\src\hotspot\share\classfile\systemDictionary.cpp, line 256]
Event: 13.207 Thread 0x000002aee4639f80 Exception <a 'java/lang/NoSuchMethodError'{0x0000000705249c68}: 'void java.lang.invoke.DirectMethodHandle$Holder.invokeInterface(java.lang.Object, java.lang.Object, java.lang.Object, int)'> (0x0000000705249c68) 
thrown [s\open\src\hotspot\share\interpreter\linkResolver.cpp, line 759]
Event: 13.207 Thread 0x000002aee4639f80 Exception <a 'java/lang/NoSuchMethodError'{0x000000070524e250}: 'void java.lang.invoke.DirectMethodHandle$Holder.invokeSpecial(java.lang.Object, java.lang.Object, java.lang.Object, java.lang.Object, int)'> (0x000000070524e250) 
thrown [s\open\src\hotspot\share\interpreter\linkResolver.cpp, line 759]
Event: 13.207 Thread 0x000002aee4639f80 Exception <a 'java/lang/NoSuchMethodError'{0x00000007052521a0}: 'void java.lang.invoke.DelegatingMethodHandle$Holder.reinvoke_L(java.lang.Object, java.lang.Object, java.lang.Object, int)'> (0x00000007052521a0) 
thrown [s\open\src\hotspot\share\interpreter\linkResolver.cpp, line 759]
Event: 13.208 Thread 0x000002aee4639f80 Exception <a 'java/lang/NoSuchMethodError'{0x000000070525c938}: 'java.lang.Object java.lang.invoke.DelegatingMethodHandle$Holder.delegate(java.lang.Object, java.lang.Object, java.lang.Object, java.lang.Object, int)'> (0x000000070525c938) 
thrown [s\open\src\hotspot\share\interpreter\linkResolver.cpp, line 759]
Event: 13.208 Thread 0x000002aee4639f80 Exception <a 'java/lang/NoSuchMethodError'{0x000000070526cb60}: 'int java.lang.invoke.DirectMethodHandle$Holder.invokeSpecial(java.lang.Object, java.lang.Object, java.lang.Object, java.lang.Object, int)'> (0x000000070526cb60) 
thrown [s\open\src\hotspot\share\interpreter\linkResolver.cpp, line 759]
Event: 13.301 Thread 0x000002aee463bc60 Exception <a 'java/lang/NoSuchMethodError'{0x0000000710b94cf0}: 'java.lang.Object java.lang.invoke.DirectMethodHandle$Holder.invokeStatic(java.lang.Object, int, int)'> (0x0000000710b94cf0) 
thrown [s\open\src\hotspot\share\interpreter\linkResolver.cpp, line 759]
Event: 13.301 Thread 0x000002aee46382a0 Exception <a 'java/lang/NoSuchMethodError'{0x0000000710b9cb68}: 'java.lang.Object java.lang.invoke.DirectMethodHandle$Holder.invokeStatic(java.lang.Object, int, int)'> (0x0000000710b9cb68) 
thrown [s\open\src\hotspot\share\interpreter\linkResolver.cpp, line 759]
Event: 13.301 Thread 0x000002aee7b8fd30 Exception <a 'java/lang/NoSuchMethodError'{0x0000000710bafd48}: 'java.lang.Object java.lang.invoke.DirectMethodHandle$Holder.invokeStatic(java.lang.Object, int, int)'> (0x0000000710bafd48) 
thrown [s\open\src\hotspot\share\interpreter\linkResolver.cpp, line 759]
Event: 13.301 Thread 0x000002aee4639110 Exception <a 'java/lang/NoSuchMethodError'{0x0000000710ba61d0}: 'java.lang.Object java.lang.invoke.DirectMethodHandle$Holder.invokeStatic(java.lang.Object, int, int)'> (0x0000000710ba61d0) 
thrown [s\open\src\hotspot\share\interpreter\linkResolver.cpp, line 759]
Event: 13.301 Thread 0x000002aee7b89cf0 Exception <a 'java/lang/NoSuchMethodError'{0x0000000710bb8d48}: 'java.lang.Object java.lang.invoke.DirectMethodHandle$Holder.invokeStatic(java.lang.Object, int, int)'> (0x0000000710bb8d48) 
thrown [s\open\src\hotspot\share\interpreter\linkResolver.cpp, line 759]
Event: 13.641 Thread 0x000002aee7b8cd10 Exception <a 'java/lang/NoSuchMethodError'{0x0000000705ca5320}: 'void java.lang.invoke.DirectMethodHandle$Holder.invokeSpecialIFC(java.lang.Object, java.lang.Object, int, java.lang.Object, java.lang.Object, java.lang.Object, java.lang.Object)'> (0x0000000705ca5320) 
thrown [s\open\src\hotspot\share\interpreter\linkResolver.cpp, line 759]
Event: 77.183 Thread 0x000002aee4638c40 Exception <a 'java/lang/reflect/InvocationTargetException'{0x0000000710a6d308}> (0x0000000710a6d308) 
thrown [s\open\src\hotspot\share\runtime\reflection.cpp, line 1121]
Event: 77.186 Thread 0x000002aee4638c40 Exception <a 'java/lang/reflect/InvocationTargetException'{0x0000000710a80bc0}> (0x0000000710a80bc0) 
thrown [s\open\src\hotspot\share\runtime\reflection.cpp, line 1121]
Event: 77.212 Thread 0x000002aee4638c40 Exception <a 'java/lang/NoSuchMethodError'{0x0000000710bebcf0}: 'void java.lang.invoke.DirectMethodHandle$Holder.invokeSpecial(java.lang.Object, java.lang.Object, java.lang.Object, java.lang.Object, java.lang.Object, java.lang.Object, java.lang.Object, java.lang.Object, java.lang.Object)'> (0x0000000710bebcf0) 
thrown [s\open\src\hotspot\share\interpreter\linkResolver.cpp, line 759]
Event: 77.219 Thread 0x000002aee4638c40 Exception <a 'java/lang/NoSuchMethodError'{0x0000000710a10d00}: 'int java.lang.invoke.DirectMethodHandle$Holder.invokeStatic(java.lang.Object, java.lang.Object, int, int)'> (0x0000000710a10d00) 
thrown [s\open\src\hotspot\share\interpreter\linkResolver.cpp, line 759]

VM Operations (20 events):
Event: 64.552 Executing VM operation: Cleanup
Event: 64.552 Executing VM operation: Cleanup done
Event: 66.571 Executing VM operation: Cleanup
Event: 66.571 Executing VM operation: Cleanup done
Event: 75.652 Executing VM operation: Cleanup
Event: 75.652 Executing VM operation: Cleanup done
Event: 76.560 Executing VM operation: HandshakeAllThreads
Event: 76.560 Executing VM operation: HandshakeAllThreads done
Event: 77.147 Executing VM operation: G1CollectForAllocation
Event: 77.151 Executing VM operation: G1CollectForAllocation done
Event: 77.155 Executing VM operation: G1CollectForAllocation
Event: 77.164 Executing VM operation: G1CollectForAllocation done
Event: 77.213 Executing VM operation: G1CollectForAllocation
Event: 77.217 Executing VM operation: G1CollectForAllocation done
Event: 78.219 Executing VM operation: Cleanup
Event: 78.219 Executing VM operation: Cleanup done
Event: 85.296 Executing VM operation: Cleanup
Event: 85.296 Executing VM operation: Cleanup done
Event: 85.299 Executing VM operation: HandshakeAllThreads
Event: 85.299 Executing VM operation: HandshakeAllThreads done

Events (20 events):
Event: 76.992 loading class sun/net/www/protocol/http/HttpURLConnection$HttpInputStream done
Event: 77.025 loading class java/io/OutputStream$1
Event: 77.025 loading class java/io/OutputStream$1 done
Event: 77.026 loading class sun/net/www/http/KeepAliveCache$1
Event: 77.026 loading class sun/net/www/http/KeepAliveCache$1 done
Event: 77.026 Thread 0x000002aee7b8b500 Thread added: 0x000002aee7b8b500
Event: 77.026 loading class sun/net/www/http/ClientVector
Event: 77.026 loading class sun/net/www/http/ClientVector done
Event: 77.026 loading class sun/net/www/http/KeepAliveEntry
Event: 77.026 loading class sun/net/www/http/KeepAliveEntry done
Event: 77.237 loading class sun/security/provider/SecureRandom$SeederHolder
Event: 77.237 loading class sun/security/provider/SecureRandom$SeederHolder done
Event: 83.488 Thread 0x000002aee36efbb0 Thread exited: 0x000002aee36efbb0
Event: 85.228 Thread 0x000002aee3bb40b0 Thread exited: 0x000002aee3bb40b0
Event: 85.312 Thread 0x000002aee9e29030 Thread added: 0x000002aee9e29030
Event: 85.316 Thread 0x000002aee36efbb0 Thread added: 0x000002aee36efbb0
Event: 85.316 Thread 0x000002aeea3eb7d0 Thread added: 0x000002aeea3eb7d0
Event: 85.316 Thread 0x000002aee9e2db70 Thread added: 0x000002aee9e2db70
Event: 85.316 Thread 0x000002aee9e2e080 Thread added: 0x000002aee9e2e080
Event: 85.316 Thread 0x000002aee7b39c70 Thread added: 0x000002aee7b39c70


Dynamic libraries:
0x00007ff6e8e00000 - 0x00007ff6e8e10000 	C:\Program Files\Java\jdk-17\bin\java.exe
0x00007ffdf9b70000 - 0x00007ffdf9d67000 	C:\WINDOWS\SYSTEM32\ntdll.dll
0x00007ffdf8aa0000 - 0x00007ffdf8b5d000 	C:\WINDOWS\System32\KERNEL32.DLL
0x00007ffdf76c0000 - 0x00007ffdf79b6000 	C:\WINDOWS\System32\KERNELBASE.dll
0x00007ffdf7340000 - 0x00007ffdf7440000 	C:\WINDOWS\System32\ucrtbase.dll
0x00007ffdf4ac0000 - 0x00007ffdf4ad9000 	C:\Program Files\Java\jdk-17\bin\jli.dll
0x00007ffdf4aa0000 - 0x00007ffdf4abb000 	C:\Program Files\Java\jdk-17\bin\VCRUNTIME140.dll
0x00007ffdf9a80000 - 0x00007ffdf9b2e000 	C:\WINDOWS\System32\ADVAPI32.dll
0x00007ffdf8930000 - 0x00007ffdf89ce000 	C:\WINDOWS\System32\msvcrt.dll
0x00007ffdf9810000 - 0x00007ffdf98ac000 	C:\WINDOWS\System32\sechost.dll
0x00007ffdf7bd0000 - 0x00007ffdf7cf6000 	C:\WINDOWS\System32\RPCRT4.dll
0x00007ffdf7e30000 - 0x00007ffdf7fce000 	C:\WINDOWS\System32\USER32.dll
0x00007ffde0cc0000 - 0x00007ffde0f5a000 	C:\WINDOWS\WinSxS\amd64_microsoft.windows.common-controls_6595b64144ccf1df_6.0.19041.3570_none_60bb2a3971f3e41a\COMCTL32.dll
0x00007ffdf79f0000 - 0x00007ffdf7a12000 	C:\WINDOWS\System32\win32u.dll
0x00007ffdf7fd0000 - 0x00007ffdf7ffc000 	C:\WINDOWS\System32\GDI32.dll
0x00007ffdf7ab0000 - 0x00007ffdf7bca000 	C:\WINDOWS\System32\gdi32full.dll
0x00007ffdf7250000 - 0x00007ffdf72ed000 	C:\WINDOWS\System32\msvcp_win.dll
0x00007ffdf0890000 - 0x00007ffdf089a000 	C:\WINDOWS\SYSTEM32\VERSION.dll
0x00007ffdf8890000 - 0x00007ffdf88c0000 	C:\WINDOWS\System32\IMM32.DLL
0x00007ffdf4a90000 - 0x00007ffdf4a9c000 	C:\Program Files\Java\jdk-17\bin\vcruntime140_1.dll
0x00007ffde86a0000 - 0x00007ffde872e000 	C:\Program Files\Java\jdk-17\bin\msvcp140.dll
0x00007ffd92810000 - 0x00007ffd933ed000 	C:\Program Files\Java\jdk-17\bin\server\jvm.dll
0x00007ffdf8ec0000 - 0x00007ffdf8ec8000 	C:\WINDOWS\System32\PSAPI.DLL
0x00007ffdedcf0000 - 0x00007ffdedd17000 	C:\WINDOWS\SYSTEM32\WINMM.dll
0x00007ffdda2b0000 - 0x00007ffdda2b9000 	C:\WINDOWS\SYSTEM32\WSOCK32.dll
0x00007ffdf88c0000 - 0x00007ffdf892b000 	C:\WINDOWS\System32\WS2_32.dll
0x00007ffdf5110000 - 0x00007ffdf5122000 	C:\WINDOWS\SYSTEM32\kernel.appcore.dll
0x00007ffdf4a80000 - 0x00007ffdf4a8a000 	C:\Program Files\Java\jdk-17\bin\jimage.dll
0x00007ffdeace0000 - 0x00007ffdeaec4000 	C:\WINDOWS\SYSTEM32\DBGHELP.DLL
0x00007ffdea270000 - 0x00007ffdea2a4000 	C:\WINDOWS\SYSTEM32\dbgcore.DLL
0x00007ffdf7a20000 - 0x00007ffdf7aa2000 	C:\WINDOWS\System32\bcryptPrimitives.dll
0x00007ffdf4a70000 - 0x00007ffdf4a7e000 	C:\Program Files\Java\jdk-17\bin\instrument.dll
0x00007ffdf4a30000 - 0x00007ffdf4a55000 	C:\Program Files\Java\jdk-17\bin\java.dll
0x00007ffdda3f0000 - 0x00007ffdda4c7000 	C:\Program Files\Java\jdk-17\bin\jsvml.dll
0x00007ffdf9060000 - 0x00007ffdf97a4000 	C:\WINDOWS\System32\SHELL32.dll
0x00007ffdf5310000 - 0x00007ffdf5aab000 	C:\WINDOWS\SYSTEM32\windows.storage.dll
0x00007ffdf8b60000 - 0x00007ffdf8eb4000 	C:\WINDOWS\System32\combase.dll
0x00007ffdf6c90000 - 0x00007ffdf6cbd000 	C:\WINDOWS\SYSTEM32\Wldp.dll
0x00007ffdf7d00000 - 0x00007ffdf7dad000 	C:\WINDOWS\System32\SHCORE.dll
0x00007ffdf8020000 - 0x00007ffdf8075000 	C:\WINDOWS\System32\shlwapi.dll
0x00007ffdf7180000 - 0x00007ffdf71a5000 	C:\WINDOWS\SYSTEM32\profapi.dll
0x00007ffdf21b0000 - 0x00007ffdf21c8000 	C:\Program Files\Java\jdk-17\bin\zip.dll
0x00007ffdf4a10000 - 0x00007ffdf4a29000 	C:\Program Files\Java\jdk-17\bin\net.dll
0x00007ffdefb40000 - 0x00007ffdefc4a000 	C:\WINDOWS\SYSTEM32\WINHTTP.dll
0x00007ffdf69f0000 - 0x00007ffdf6a5a000 	C:\WINDOWS\system32\mswsock.dll
0x00007ffdf49f0000 - 0x00007ffdf4a06000 	C:\Program Files\Java\jdk-17\bin\nio.dll
0x00007ffdea720000 - 0x00007ffdea73a000 	C:\Program Files\JetBrains\IntelliJ IDEA 2023.1.2\bin\breakgen64.dll
0x00007ffdf66d0000 - 0x00007ffdf679a000 	C:\WINDOWS\SYSTEM32\DNSAPI.dll
0x00007ffdf6690000 - 0x00007ffdf66cb000 	C:\WINDOWS\SYSTEM32\IPHLPAPI.DLL
0x00007ffdf8880000 - 0x00007ffdf8888000 	C:\WINDOWS\System32\NSI.dll
0x00007ffdf0ee0000 - 0x00007ffdf0eea000 	C:\Windows\System32\rasadhlp.dll
0x00007ffdee470000 - 0x00007ffdee4f2000 	C:\WINDOWS\System32\fwpuclnt.dll
0x00007ffdf79c0000 - 0x00007ffdf79e7000 	C:\WINDOWS\System32\bcrypt.dll
0x00007ffdf1c10000 - 0x00007ffdf1c1a000 	C:\Program Files\Java\jdk-17\bin\management.dll
0x00007ffdf1c00000 - 0x00007ffdf1c0b000 	C:\Program Files\Java\jdk-17\bin\management_ext.dll
0x00007ffdf6bf0000 - 0x00007ffdf6c08000 	C:\WINDOWS\SYSTEM32\CRYPTSP.dll
0x00007ffdf6290000 - 0x00007ffdf62c4000 	C:\WINDOWS\system32\rsaenh.dll
0x00007ffdf7100000 - 0x00007ffdf712e000 	C:\WINDOWS\SYSTEM32\USERENV.dll
0x00007ffdf6be0000 - 0x00007ffdf6bec000 	C:\WINDOWS\SYSTEM32\CRYPTBASE.dll
0x00007ffdf09f0000 - 0x00007ffdf0a07000 	C:\WINDOWS\SYSTEM32\dhcpcsvc6.DLL
0x00007ffdf09d0000 - 0x00007ffdf09ed000 	C:\WINDOWS\SYSTEM32\dhcpcsvc.DLL
0x00007ffdddee0000 - 0x00007ffdddef7000 	C:\WINDOWS\system32\napinsp.dll
0x00007ffddd780000 - 0x00007ffddd79b000 	C:\WINDOWS\system32\pnrpnsp.dll
0x00007ffdf2370000 - 0x00007ffdf2385000 	C:\WINDOWS\system32\wshbth.dll
0x00007ffdf4970000 - 0x00007ffdf498d000 	C:\WINDOWS\system32\NLAapi.dll
0x00007ffddd660000 - 0x00007ffddd672000 	C:\WINDOWS\System32\winrnr.dll
0x00007ffdf21a0000 - 0x00007ffdf21b0000 	C:\Program Files\Java\jdk-17\bin\verify.dll
0x00007ffdeacb0000 - 0x00007ffdeacbd000 	C:\Program Files\Java\jdk-17\bin\sunmscapi.dll
0x00007ffdf7440000 - 0x00007ffdf759d000 	C:\WINDOWS\System32\CRYPT32.dll
0x00007ffdf6d00000 - 0x00007ffdf6d27000 	C:\WINDOWS\SYSTEM32\ncrypt.dll
0x00007ffdf6cc0000 - 0x00007ffdf6cfb000 	C:\WINDOWS\SYSTEM32\NTASN1.dll
0x00007ffd8cb70000 - 0x00007ffd8cb77000 	C:\WINDOWS\system32\wshunix.dll

dbghelp: loaded successfully - version: 4.0.5 - missing functions: none
symbol engine: initialized successfully - sym options: 0x614 - pdb path: .;C:\Program Files\Java\jdk-17\bin;C:\WINDOWS\SYSTEM32;C:\WINDOWS\WinSxS\amd64_microsoft.windows.common-controls_6595b64144ccf1df_6.0.19041.3570_none_60bb2a3971f3e41a;C:\Program Files\Java\jdk-17\bin\server;C:\Program Files\JetBrains\IntelliJ IDEA 2023.1.2\bin

VM Arguments:
jvm_args: -XX:TieredStopAtLevel=1 -Dspring.output.ansi.enabled=always -Dcom.sun.management.jmxremote -Dspring.jmx.enabled=true -Dspring.liveBeansView.mbeanDomain -Dspring.application.admin.enabled=true -Dmanagement.endpoints.jmx.exposure.include=* -javaagent:C:\Program Files\JetBrains\IntelliJ IDEA 2023.1.2\lib\idea_rt.jar=3551:C:\Program Files\JetBrains\IntelliJ IDEA 2023.1.2\bin -Dfile.encoding=UTF-8 
java_command: com.developer.foodfit.FoodfitApplication
java_class_path (initial): C:\study\foodfit\out\production\classes;C:\study\foodfit\out\production\resources;C:\Users\pu_12\.gradle\caches\modules-2\files-2.1\org.projectlombok\lombok\1.18.28\a2ff5da8bcd8b1b26f36b806ced63213362c6dcc\lombok-1.18.28.jar;C:\Users\pu_12\.gradle\caches\modules-2\files-2.1\org.springframework.boot\spring-boot-starter-data-jpa\3.1.3\f0a12154dd3ecee15f6b0ad9cc8025cb600cbbfc\spring-boot-starter-data-jpa-3.1.3.jar;C:\Users\pu_12\.gradle\caches\modules-2\files-2.1\org.springframework.boot\spring-boot-starter-thymeleaf\3.1.3\234ffde0db9f68f387ce99928053c9be103be789\spring-boot-starter-thymeleaf-3.1.3.jar;C:\Users\pu_12\.gradle\caches\modules-2\files-2.1\org.springframework.boot\spring-boot-starter-web\3.1.3\d4326db157b4cf73647ae69b588de0dc65cb702\spring-boot-starter-web-3.1.3.jar;C:\Users\pu_12\.gradle\caches\modules-2\files-2.1\org.springframework.boot\spring-boot-starter-security\3.1.3\b447ab41a6b07c983276cee15b7bbe589b9ce752\spring-boot-starter-security-3.1.3.jar;C:\Users\pu_12\.gradle\caches\modules-2\files-2.1\org.thymeleaf.extras\thymeleaf-extras-springsecurity6\3.1.2.RELEASE\574c188eb147191e2f162419e9fc780fcf3256d7\thymeleaf-extras-springsecurity6-3.1.2.RELEASE.jar;C:\Users\pu_12\.gradle\caches\modules-2\files-2.1\org.springframework.boot\spring-boot-starter-validation\3.1.3\fdf58f7fb49600f02dec49549bc629d2ae9c6de0\spring-boot-starter-validation-3.1.3.jar;C:\Users\pu_12\.gradle\caches\modules-2\files-2.1\org.springframework.boot\spring-boot-starter-oauth2-client\3.1.3\1aada2b73898158770f77b3d9b899fb88115995c\spring-boot-starter-oauth2-client-3.1.3.jar;C:\Users\pu_12\.gradle\caches\modules-2\files-2.1\nz.net.ultraq.thymeleaf\thymeleaf-layout-dialect\3.2.1\526f2e950a4d67ea49198f9ea5b4ec303ed002c2\thymeleaf-layout-dialect-3.2.1.jar;C:\Users\pu_12\.gradle\caches\modules-2\files-2.1\org.springframework.boot\spring-boot-starter-mail\3.1.3\45ef8ac96356b9d15c330eedbe293e9f703309ff\spring-boot-starter-mail-3.1.3.jar;C:\Users\pu_12\.gradle\cache
Launcher Type: SUN_STANDARD

[Global flags]
     intx CICompilerCount                          = 12                                        {product} {ergonomic}
     uint ConcGCThreads                            = 3                                         {product} {ergonomic}
     uint G1ConcRefinementThreads                  = 13                                        {product} {ergonomic}
   size_t G1HeapRegionSize                         = 2097152                                   {product} {ergonomic}
    uintx GCDrainStackTargetSize                   = 64                                        {product} {ergonomic}
   size_t InitialHeapSize                          = 268435456                                 {product} {ergonomic}
     bool ManagementServer                         = true                                      {product} {command line}
   size_t MarkStackSize                            = 4194304                                   {product} {ergonomic}
   size_t MaxHeapSize                              = 4282384384                                {product} {ergonomic}
   size_t MaxNewSize                               = 2569011200                                {product} {ergonomic}
   size_t MinHeapDeltaBytes                        = 2097152                                   {product} {ergonomic}
   size_t MinHeapSize                              = 8388608                                   {product} {ergonomic}
    uintx NonProfiledCodeHeapSize                  = 0                                      {pd product} {ergonomic}
     bool ProfileInterpreter                       = false                                  {pd product} {command line}
    uintx ProfiledCodeHeapSize                     = 0                                      {pd product} {ergonomic}
   size_t SoftMaxHeapSize                          = 4282384384                             {manageable} {ergonomic}
     intx TieredStopAtLevel                        = 1                                         {product} {command line}
     bool UseCompressedClassPointers               = true                           {product lp64_product} {ergonomic}
     bool UseCompressedOops                        = true                           {product lp64_product} {ergonomic}
     bool UseG1GC                                  = true                                      {product} {ergonomic}
     bool UseLargePagesIndividualAllocation        = false                                  {pd product} {ergonomic}

Logging:
Log output configuration:
 #0: stdout all=warning uptime,level,tags
 #1: stderr all=off uptime,level,tags

Environment Variables:
JAVA_HOME=C:\Program Files\Java\jdk-17
PATH=C:\Program Files\Common Files\Oracle\Java\javapath;C:\WINDOWS\system32;C:\WINDOWS;C:\WINDOWS\System32\Wbem;C:\WINDOWS\System32\WindowsPowerShell\v1.0\;C:\WINDOWS\System32\OpenSSH\;C:\Program Files\NVIDIA Corporation\NVIDIA NvDLISR;C:\Program Files (x86)\NVIDIA Corporation\PhysX\Common;"%JAVA_HOME%\bin;";C:\Program Files\nodejs\;C:\Program Files\Git\cmd;C:\Program Files\dotnet\;C:\Users\pu_12\AppData\Local\Microsoft\WindowsApps;C:\Program Files\JetBrains\IntelliJ IDEA 2023.1.2\bin;;C:\Program Files\MariaDB 11.2\bin;C:\Users\pu_12\AppData\Roaming\npm;C:\Users\pu_12\AppData\Local\Programs\Microsoft VS Code\bin
USERNAME=pu_12
OS=Windows_NT
PROCESSOR_IDENTIFIER=AMD64 Family 23 Model 1 Stepping 1, AuthenticAMD



---------------  S Y S T E M  ---------------

OS:
 Windows 10 , 64 bit Build 19041 (10.0.19041.3570)
OS uptime: 0 days 4:23 hours

CPU: total 16 (initial active 16) (16 cores per cpu, 2 threads per core) family 23 model 1 stepping 1 microcode 0x0, cx8, cmov, fxsr, ht, mmx, 3dnowpref, sse, sse2, sse3, ssse3, sse4a, sse4.1, sse4.2, popcnt, lzcnt, tsc, tscinvbit, avx, avx2, aes, clmul, bmi1, bmi2, adx, sha, fma, vzeroupper, clflush, clflushopt

Memory: 4k page, system-wide physical 16335M (8504M free)
TotalPageFile size 21455M (AvailPageFile size 7520M)
current process WorkingSet (physical memory assigned to process): 301M, peak: 301M
current process commit charge ("private bytes"): 470M, peak: 470M

vm_info: Java HotSpot(TM) 64-Bit Server VM (17.0.7+8-LTS-224) for windows-amd64 JRE (17.0.7+8-LTS-224), built on Feb 28 2023 23:03:02 by "mach5one" with MS VC++ 17.1 (VS2022)

END.
